7/5/2025, 8:54:23 PM CDT 0: 

----------------------------------------------
7/5/2025, 8:54:23 PM CDT 1: Discord starting: {"releaseChannel":"stable","version":"0.0.100"}, modulepath: /home/matthewkennedy/.config/discord/0.0.100/modules
7/5/2025, 8:54:23 PM CDT 2: ✅ webContents.created web1 ""
7/5/2025, 8:54:24 PM CDT 3: ✅ window.created win1 "discord"
7/5/2025, 8:54:27 PM CDT 4: ✅ webContents.did-finish-load web1
7/5/2025, 8:54:35 PM CDT 5: ✅ webContents.created web2 ""
7/5/2025, 8:54:35 PM CDT 6: ✅ window.created win2 "Discord"
7/5/2025, 8:54:38 PM CDT 7: ✅ webContents.did-finish-load web2
7/5/2025, 8:54:41 PM CDT 8: window.close win1
7/5/2025, 8:54:41 PM CDT 9: webContents.destroyed web1
7/5/2025, 8:54:41 PM CDT 10: window.closed win1
7/5/2025, 9:31:26 PM CDT 11: window.close win2
7/5/2025, 9:31:34 PM CDT 0: 

----------------------------------------------
7/5/2025, 9:31:41 PM CDT 12: window.close win2
7/5/2025, 9:31:41 PM CDT 13: before-quit
7/5/2025, 9:31:41 PM CDT 14: window.close win2
7/5/2025, 9:31:41 PM CDT 15: webContents.destroyed web2
7/5/2025, 9:31:41 PM CDT 16: window.closed win2
