7/4/2025, 12:56:53 AM CDT [Modules] Modules initializing
7/4/2025, 12:56:53 AM CDT [Modules] Distribution: remote
7/4/2025, 12:56:53 AM CDT [Modules] Host updates: enabled
7/4/2025, 12:56:53 AM CDT [Modules] Module updates: enabled
7/4/2025, 12:56:53 AM CDT [Modules] Module install path: /home/matthewkennedy/.config/discord/0.0.100/modules
7/4/2025, 12:56:53 AM CDT [Modules] Module installed file path: /home/matthewkennedy/.config/discord/0.0.100/modules/installed.json
7/4/2025, 12:56:53 AM CDT [Modules] Module download path: /home/matthewkennedy/.config/discord/0.0.100/modules/pending
7/4/2025, 12:56:53 AM CDT [Modules] Bootstrapping...
7/4/2025, 12:56:53 AM CDT [Modules] Installing discord_desktop_core@0 from /opt/discord/resources/bootstrap/discord_desktop_core.zip
7/4/2025, 12:56:53 AM CDT [Modules] Failed installing discord_desktop_core@0: Error: ENOENT: no such file or directory, open '/opt/discord/resources/bootstrap/discord_desktop_core.zip'
7/4/2025, 12:56:53 AM CDT [Modules] Installing discord_erlpack@0 from /opt/discord/resources/bootstrap/discord_erlpack.zip
7/4/2025, 12:56:53 AM CDT [Modules] Failed installing discord_erlpack@0: Error: ENOENT: no such file or directory, open '/opt/discord/resources/bootstrap/discord_erlpack.zip'
7/4/2025, 12:56:53 AM CDT [Modules] Installing discord_spellcheck@0 from /opt/discord/resources/bootstrap/discord_spellcheck.zip
7/4/2025, 12:56:53 AM CDT [Modules] Failed installing discord_spellcheck@0: Error: ENOENT: no such file or directory, open '/opt/discord/resources/bootstrap/discord_spellcheck.zip'
7/4/2025, 12:56:53 AM CDT [Modules] Installing discord_utils@0 from /opt/discord/resources/bootstrap/discord_utils.zip
7/4/2025, 12:56:53 AM CDT [Modules] Failed installing discord_utils@0: Error: ENOENT: no such file or directory, open '/opt/discord/resources/bootstrap/discord_utils.zip'
7/4/2025, 12:56:53 AM CDT [Modules] Installing discord_voice@0 from /opt/discord/resources/bootstrap/discord_voice.zip
7/4/2025, 12:56:53 AM CDT [Modules] Failed installing discord_voice@0: Error: ENOENT: no such file or directory, open '/opt/discord/resources/bootstrap/discord_voice.zip'
7/4/2025, 12:56:53 AM CDT [Modules] Installing discord_zstd@0 from /opt/discord/resources/bootstrap/discord_zstd.zip
7/4/2025, 12:56:53 AM CDT [Modules] Failed installing discord_zstd@0: Error: ENOENT: no such file or directory, open '/opt/discord/resources/bootstrap/discord_zstd.zip'
7/4/2025, 12:56:53 AM CDT [Modules] Finished module installations. [success: 0] [failure: 6]
7/4/2025, 12:56:53 AM CDT [Modules] Checking for host updates.
7/4/2025, 12:56:54 AM CDT [Modules] Host is up to date.
7/4/2025, 12:56:54 AM CDT [Modules] Checking for module updates at https://discord.com/api/modules/stable/versions.json
7/4/2025, 12:56:54 AM CDT [Modules] Module update available: discord_desktop_core@1 [installed: 0]
7/4/2025, 12:56:54 AM CDT [Modules] Module update available: discord_erlpack@1 [installed: 0]
7/4/2025, 12:56:54 AM CDT [Modules] Module update available: discord_spellcheck@1 [installed: 0]
7/4/2025, 12:56:54 AM CDT [Modules] Module update available: discord_utils@1 [installed: 0]
7/4/2025, 12:56:54 AM CDT [Modules] Module update available: discord_voice@1 [installed: 0]
7/4/2025, 12:56:54 AM CDT [Modules] Module update available: discord_zstd@1 [installed: 0]
7/4/2025, 12:56:54 AM CDT [Modules] Fetching discord_desktop_core@1 from https://discord.com/api/modules/stable/discord_desktop_core/1
7/4/2025, 12:56:54 AM CDT [Modules] Streaming discord_desktop_core@1 to /home/matthewkennedy/.config/discord/0.0.100/modules/pending/discord_desktop_core-1.zip
7/4/2025, 12:56:54 AM CDT [Modules] Streaming discord_desktop_core@1 to /home/matthewkennedy/.config/discord/0.0.100/modules/pending/discord_desktop_core-1.zip: 1%
7/4/2025, 12:56:54 AM CDT [Modules] Streaming discord_desktop_core@1 to /home/matthewkennedy/.config/discord/0.0.100/modules/pending/discord_desktop_core-1.zip: 2%
7/4/2025, 12:56:54 AM CDT [Modules] Streaming discord_desktop_core@1 to /home/matthewkennedy/.config/discord/0.0.100/modules/pending/discord_desktop_core-1.zip: 3%
7/4/2025, 12:56:54 AM CDT [Modules] Streaming discord_desktop_core@1 to /home/matthewkennedy/.config/discord/0.0.100/modules/pending/discord_desktop_core-1.zip: 4%
7/4/2025, 12:56:54 AM CDT [Modules] Streaming discord_desktop_core@1 to /home/matthewkennedy/.config/discord/0.0.100/modules/pending/discord_desktop_core-1.zip: 5%
7/4/2025, 12:56:54 AM CDT [Modules] Streaming discord_desktop_core@1 to /home/matthewkennedy/.config/discord/0.0.100/modules/pending/discord_desktop_core-1.zip: 6%
7/4/2025, 12:56:54 AM CDT [Modules] Streaming discord_desktop_core@1 to /home/matthewkennedy/.config/discord/0.0.100/modules/pending/discord_desktop_core-1.zip: 7%
7/4/2025, 12:56:54 AM CDT [Modules] Streaming discord_desktop_core@1 to /home/matthewkennedy/.config/discord/0.0.100/modules/pending/discord_desktop_core-1.zip: 9%
7/4/2025, 12:56:54 AM CDT [Modules] Streaming discord_desktop_core@1 to /home/matthewkennedy/.config/discord/0.0.100/modules/pending/discord_desktop_core-1.zip: 11%
7/4/2025, 12:56:54 AM CDT [Modules] Streaming discord_desktop_core@1 to /home/matthewkennedy/.config/discord/0.0.100/modules/pending/discord_desktop_core-1.zip: 14%
7/4/2025, 12:56:54 AM CDT [Modules] Streaming discord_desktop_core@1 to /home/matthewkennedy/.config/discord/0.0.100/modules/pending/discord_desktop_core-1.zip: 17%
7/4/2025, 12:56:54 AM CDT [Modules] Streaming discord_desktop_core@1 to /home/matthewkennedy/.config/discord/0.0.100/modules/pending/discord_desktop_core-1.zip: 18%
7/4/2025, 12:56:54 AM CDT [Modules] Streaming discord_desktop_core@1 to /home/matthewkennedy/.config/discord/0.0.100/modules/pending/discord_desktop_core-1.zip: 20%
7/4/2025, 12:56:54 AM CDT [Modules] Streaming discord_desktop_core@1 to /home/matthewkennedy/.config/discord/0.0.100/modules/pending/discord_desktop_core-1.zip: 23%
7/4/2025, 12:56:54 AM CDT [Modules] Streaming discord_desktop_core@1 to /home/matthewkennedy/.config/discord/0.0.100/modules/pending/discord_desktop_core-1.zip: 35%
7/4/2025, 12:56:54 AM CDT [Modules] Streaming discord_desktop_core@1 to /home/matthewkennedy/.config/discord/0.0.100/modules/pending/discord_desktop_core-1.zip: 36%
7/4/2025, 12:56:55 AM CDT [Modules] Streaming discord_desktop_core@1 to /home/matthewkennedy/.config/discord/0.0.100/modules/pending/discord_desktop_core-1.zip: 38%
7/4/2025, 12:56:55 AM CDT [Modules] Streaming discord_desktop_core@1 to /home/matthewkennedy/.config/discord/0.0.100/modules/pending/discord_desktop_core-1.zip: 41%
7/4/2025, 12:56:55 AM CDT [Modules] Streaming discord_desktop_core@1 to /home/matthewkennedy/.config/discord/0.0.100/modules/pending/discord_desktop_core-1.zip: 42%
7/4/2025, 12:56:55 AM CDT [Modules] Streaming discord_desktop_core@1 to /home/matthewkennedy/.config/discord/0.0.100/modules/pending/discord_desktop_core-1.zip: 43%
7/4/2025, 12:56:55 AM CDT [Modules] Streaming discord_desktop_core@1 to /home/matthewkennedy/.config/discord/0.0.100/modules/pending/discord_desktop_core-1.zip: 45%
7/4/2025, 12:56:55 AM CDT [Modules] Streaming discord_desktop_core@1 to /home/matthewkennedy/.config/discord/0.0.100/modules/pending/discord_desktop_core-1.zip: 48%
7/4/2025, 12:56:55 AM CDT [Modules] Streaming discord_desktop_core@1 to /home/matthewkennedy/.config/discord/0.0.100/modules/pending/discord_desktop_core-1.zip: 51%
7/4/2025, 12:56:55 AM CDT [Modules] Streaming discord_desktop_core@1 to /home/matthewkennedy/.config/discord/0.0.100/modules/pending/discord_desktop_core-1.zip: 53%
7/4/2025, 12:56:55 AM CDT [Modules] Streaming discord_desktop_core@1 to /home/matthewkennedy/.config/discord/0.0.100/modules/pending/discord_desktop_core-1.zip: 56%
7/4/2025, 12:56:55 AM CDT [Modules] Streaming discord_desktop_core@1 to /home/matthewkennedy/.config/discord/0.0.100/modules/pending/discord_desktop_core-1.zip: 58%
7/4/2025, 12:56:55 AM CDT [Modules] Streaming discord_desktop_core@1 to /home/matthewkennedy/.config/discord/0.0.100/modules/pending/discord_desktop_core-1.zip: 61%
7/4/2025, 12:56:55 AM CDT [Modules] Streaming discord_desktop_core@1 to /home/matthewkennedy/.config/discord/0.0.100/modules/pending/discord_desktop_core-1.zip: 64%
7/4/2025, 12:56:55 AM CDT [Modules] Streaming discord_desktop_core@1 to /home/matthewkennedy/.config/discord/0.0.100/modules/pending/discord_desktop_core-1.zip: 65%
7/4/2025, 12:56:55 AM CDT [Modules] Streaming discord_desktop_core@1 to /home/matthewkennedy/.config/discord/0.0.100/modules/pending/discord_desktop_core-1.zip: 68%
7/4/2025, 12:56:55 AM CDT [Modules] Streaming discord_desktop_core@1 to /home/matthewkennedy/.config/discord/0.0.100/modules/pending/discord_desktop_core-1.zip: 70%
7/4/2025, 12:56:55 AM CDT [Modules] Streaming discord_desktop_core@1 to /home/matthewkennedy/.config/discord/0.0.100/modules/pending/discord_desktop_core-1.zip: 73%
7/4/2025, 12:56:55 AM CDT [Modules] Streaming discord_desktop_core@1 to /home/matthewkennedy/.config/discord/0.0.100/modules/pending/discord_desktop_core-1.zip: 76%
7/4/2025, 12:56:55 AM CDT [Modules] Streaming discord_desktop_core@1 to /home/matthewkennedy/.config/discord/0.0.100/modules/pending/discord_desktop_core-1.zip: 77%
7/4/2025, 12:56:55 AM CDT [Modules] Streaming discord_desktop_core@1 to /home/matthewkennedy/.config/discord/0.0.100/modules/pending/discord_desktop_core-1.zip: 78%
7/4/2025, 12:56:55 AM CDT [Modules] Streaming discord_desktop_core@1 to /home/matthewkennedy/.config/discord/0.0.100/modules/pending/discord_desktop_core-1.zip: 81%
7/4/2025, 12:56:55 AM CDT [Modules] Streaming discord_desktop_core@1 to /home/matthewkennedy/.config/discord/0.0.100/modules/pending/discord_desktop_core-1.zip: 82%
7/4/2025, 12:56:55 AM CDT [Modules] Streaming discord_desktop_core@1 to /home/matthewkennedy/.config/discord/0.0.100/modules/pending/discord_desktop_core-1.zip: 85%
7/4/2025, 12:56:55 AM CDT [Modules] Streaming discord_desktop_core@1 to /home/matthewkennedy/.config/discord/0.0.100/modules/pending/discord_desktop_core-1.zip: 88%
7/4/2025, 12:56:55 AM CDT [Modules] Streaming discord_desktop_core@1 to /home/matthewkennedy/.config/discord/0.0.100/modules/pending/discord_desktop_core-1.zip: 90%
7/4/2025, 12:56:55 AM CDT [Modules] Streaming discord_desktop_core@1 to /home/matthewkennedy/.config/discord/0.0.100/modules/pending/discord_desktop_core-1.zip: 93%
7/4/2025, 12:56:55 AM CDT [Modules] Streaming discord_desktop_core@1 to /home/matthewkennedy/.config/discord/0.0.100/modules/pending/discord_desktop_core-1.zip: 96%
7/4/2025, 12:56:55 AM CDT [Modules] Streaming discord_desktop_core@1 to /home/matthewkennedy/.config/discord/0.0.100/modules/pending/discord_desktop_core-1.zip: 97%
7/4/2025, 12:56:55 AM CDT [Modules] Streaming discord_desktop_core@1 to /home/matthewkennedy/.config/discord/0.0.100/modules/pending/discord_desktop_core-1.zip: 100%
7/4/2025, 12:56:55 AM CDT [Modules] Fetching discord_erlpack@1 from https://discord.com/api/modules/stable/discord_erlpack/1
7/4/2025, 12:56:55 AM CDT [Modules] Streaming discord_erlpack@1 to /home/matthewkennedy/.config/discord/0.0.100/modules/pending/discord_erlpack-1.zip
7/4/2025, 12:56:55 AM CDT [Modules] Streaming discord_erlpack@1 to /home/matthewkennedy/.config/discord/0.0.100/modules/pending/discord_erlpack-1.zip: 2%
7/4/2025, 12:56:55 AM CDT [Modules] Streaming discord_erlpack@1 to /home/matthewkennedy/.config/discord/0.0.100/modules/pending/discord_erlpack-1.zip: 4%
7/4/2025, 12:56:55 AM CDT [Modules] Streaming discord_erlpack@1 to /home/matthewkennedy/.config/discord/0.0.100/modules/pending/discord_erlpack-1.zip: 8%
7/4/2025, 12:56:55 AM CDT [Modules] Streaming discord_erlpack@1 to /home/matthewkennedy/.config/discord/0.0.100/modules/pending/discord_erlpack-1.zip: 10%
7/4/2025, 12:56:55 AM CDT [Modules] Streaming discord_erlpack@1 to /home/matthewkennedy/.config/discord/0.0.100/modules/pending/discord_erlpack-1.zip: 13%
7/4/2025, 12:56:55 AM CDT [Modules] Streaming discord_erlpack@1 to /home/matthewkennedy/.config/discord/0.0.100/modules/pending/discord_erlpack-1.zip: 15%
7/4/2025, 12:56:55 AM CDT [Modules] Streaming discord_erlpack@1 to /home/matthewkennedy/.config/discord/0.0.100/modules/pending/discord_erlpack-1.zip: 17%
7/4/2025, 12:56:55 AM CDT [Modules] Streaming discord_erlpack@1 to /home/matthewkennedy/.config/discord/0.0.100/modules/pending/discord_erlpack-1.zip: 20%
7/4/2025, 12:56:55 AM CDT [Modules] Streaming discord_erlpack@1 to /home/matthewkennedy/.config/discord/0.0.100/modules/pending/discord_erlpack-1.zip: 23%
7/4/2025, 12:56:55 AM CDT [Modules] Streaming discord_erlpack@1 to /home/matthewkennedy/.config/discord/0.0.100/modules/pending/discord_erlpack-1.zip: 25%
7/4/2025, 12:56:55 AM CDT [Modules] Streaming discord_erlpack@1 to /home/matthewkennedy/.config/discord/0.0.100/modules/pending/discord_erlpack-1.zip: 26%
7/4/2025, 12:56:55 AM CDT [Modules] Streaming discord_erlpack@1 to /home/matthewkennedy/.config/discord/0.0.100/modules/pending/discord_erlpack-1.zip: 27%
7/4/2025, 12:56:55 AM CDT [Modules] Streaming discord_erlpack@1 to /home/matthewkennedy/.config/discord/0.0.100/modules/pending/discord_erlpack-1.zip: 29%
7/4/2025, 12:56:55 AM CDT [Modules] Streaming discord_erlpack@1 to /home/matthewkennedy/.config/discord/0.0.100/modules/pending/discord_erlpack-1.zip: 33%
7/4/2025, 12:56:55 AM CDT [Modules] Streaming discord_erlpack@1 to /home/matthewkennedy/.config/discord/0.0.100/modules/pending/discord_erlpack-1.zip: 34%
7/4/2025, 12:56:55 AM CDT [Modules] Streaming discord_erlpack@1 to /home/matthewkennedy/.config/discord/0.0.100/modules/pending/discord_erlpack-1.zip: 36%
7/4/2025, 12:56:55 AM CDT [Modules] Streaming discord_erlpack@1 to /home/matthewkennedy/.config/discord/0.0.100/modules/pending/discord_erlpack-1.zip: 38%
7/4/2025, 12:56:55 AM CDT [Modules] Streaming discord_erlpack@1 to /home/matthewkennedy/.config/discord/0.0.100/modules/pending/discord_erlpack-1.zip: 41%
7/4/2025, 12:56:55 AM CDT [Modules] Streaming discord_erlpack@1 to /home/matthewkennedy/.config/discord/0.0.100/modules/pending/discord_erlpack-1.zip: 44%
7/4/2025, 12:56:55 AM CDT [Modules] Streaming discord_erlpack@1 to /home/matthewkennedy/.config/discord/0.0.100/modules/pending/discord_erlpack-1.zip: 47%
7/4/2025, 12:56:55 AM CDT [Modules] Streaming discord_erlpack@1 to /home/matthewkennedy/.config/discord/0.0.100/modules/pending/discord_erlpack-1.zip: 48%
7/4/2025, 12:56:55 AM CDT [Modules] Streaming discord_erlpack@1 to /home/matthewkennedy/.config/discord/0.0.100/modules/pending/discord_erlpack-1.zip: 52%
7/4/2025, 12:56:55 AM CDT [Modules] Streaming discord_erlpack@1 to /home/matthewkennedy/.config/discord/0.0.100/modules/pending/discord_erlpack-1.zip: 55%
7/4/2025, 12:56:55 AM CDT [Modules] Streaming discord_erlpack@1 to /home/matthewkennedy/.config/discord/0.0.100/modules/pending/discord_erlpack-1.zip: 57%
7/4/2025, 12:56:55 AM CDT [Modules] Streaming discord_erlpack@1 to /home/matthewkennedy/.config/discord/0.0.100/modules/pending/discord_erlpack-1.zip: 60%
7/4/2025, 12:56:55 AM CDT [Modules] Streaming discord_erlpack@1 to /home/matthewkennedy/.config/discord/0.0.100/modules/pending/discord_erlpack-1.zip: 62%
7/4/2025, 12:56:55 AM CDT [Modules] Streaming discord_erlpack@1 to /home/matthewkennedy/.config/discord/0.0.100/modules/pending/discord_erlpack-1.zip: 65%
7/4/2025, 12:56:55 AM CDT [Modules] Streaming discord_erlpack@1 to /home/matthewkennedy/.config/discord/0.0.100/modules/pending/discord_erlpack-1.zip: 68%
7/4/2025, 12:56:55 AM CDT [Modules] Streaming discord_erlpack@1 to /home/matthewkennedy/.config/discord/0.0.100/modules/pending/discord_erlpack-1.zip: 70%
7/4/2025, 12:56:55 AM CDT [Modules] Streaming discord_erlpack@1 to /home/matthewkennedy/.config/discord/0.0.100/modules/pending/discord_erlpack-1.zip: 73%
7/4/2025, 12:56:55 AM CDT [Modules] Streaming discord_erlpack@1 to /home/matthewkennedy/.config/discord/0.0.100/modules/pending/discord_erlpack-1.zip: 78%
7/4/2025, 12:56:55 AM CDT [Modules] Streaming discord_erlpack@1 to /home/matthewkennedy/.config/discord/0.0.100/modules/pending/discord_erlpack-1.zip: 81%
7/4/2025, 12:56:55 AM CDT [Modules] Streaming discord_erlpack@1 to /home/matthewkennedy/.config/discord/0.0.100/modules/pending/discord_erlpack-1.zip: 84%
7/4/2025, 12:56:55 AM CDT [Modules] Streaming discord_erlpack@1 to /home/matthewkennedy/.config/discord/0.0.100/modules/pending/discord_erlpack-1.zip: 86%
7/4/2025, 12:56:55 AM CDT [Modules] Streaming discord_erlpack@1 to /home/matthewkennedy/.config/discord/0.0.100/modules/pending/discord_erlpack-1.zip: 89%
7/4/2025, 12:56:55 AM CDT [Modules] Streaming discord_erlpack@1 to /home/matthewkennedy/.config/discord/0.0.100/modules/pending/discord_erlpack-1.zip: 90%
7/4/2025, 12:56:55 AM CDT [Modules] Streaming discord_erlpack@1 to /home/matthewkennedy/.config/discord/0.0.100/modules/pending/discord_erlpack-1.zip: 93%
7/4/2025, 12:56:55 AM CDT [Modules] Streaming discord_erlpack@1 to /home/matthewkennedy/.config/discord/0.0.100/modules/pending/discord_erlpack-1.zip: 96%
7/4/2025, 12:56:55 AM CDT [Modules] Streaming discord_erlpack@1 to /home/matthewkennedy/.config/discord/0.0.100/modules/pending/discord_erlpack-1.zip: 100%
7/4/2025, 12:56:55 AM CDT [Modules] Fetching discord_spellcheck@1 from https://discord.com/api/modules/stable/discord_spellcheck/1
7/4/2025, 12:56:55 AM CDT [Modules] Streaming discord_spellcheck@1 to /home/matthewkennedy/.config/discord/0.0.100/modules/pending/discord_spellcheck-1.zip
7/4/2025, 12:56:55 AM CDT [Modules] Streaming discord_spellcheck@1 to /home/matthewkennedy/.config/discord/0.0.100/modules/pending/discord_spellcheck-1.zip: 1%
7/4/2025, 12:56:55 AM CDT [Modules] Streaming discord_spellcheck@1 to /home/matthewkennedy/.config/discord/0.0.100/modules/pending/discord_spellcheck-1.zip: 2%
7/4/2025, 12:56:55 AM CDT [Modules] Streaming discord_spellcheck@1 to /home/matthewkennedy/.config/discord/0.0.100/modules/pending/discord_spellcheck-1.zip: 3%
7/4/2025, 12:56:55 AM CDT [Modules] Streaming discord_spellcheck@1 to /home/matthewkennedy/.config/discord/0.0.100/modules/pending/discord_spellcheck-1.zip: 4%
7/4/2025, 12:56:55 AM CDT [Modules] Streaming discord_spellcheck@1 to /home/matthewkennedy/.config/discord/0.0.100/modules/pending/discord_spellcheck-1.zip: 5%
7/4/2025, 12:56:55 AM CDT [Modules] Streaming discord_spellcheck@1 to /home/matthewkennedy/.config/discord/0.0.100/modules/pending/discord_spellcheck-1.zip: 6%
7/4/2025, 12:56:55 AM CDT [Modules] Streaming discord_spellcheck@1 to /home/matthewkennedy/.config/discord/0.0.100/modules/pending/discord_spellcheck-1.zip: 7%
7/4/2025, 12:56:55 AM CDT [Modules] Streaming discord_spellcheck@1 to /home/matthewkennedy/.config/discord/0.0.100/modules/pending/discord_spellcheck-1.zip: 8%
7/4/2025, 12:56:55 AM CDT [Modules] Streaming discord_spellcheck@1 to /home/matthewkennedy/.config/discord/0.0.100/modules/pending/discord_spellcheck-1.zip: 9%
7/4/2025, 12:56:55 AM CDT [Modules] Streaming discord_spellcheck@1 to /home/matthewkennedy/.config/discord/0.0.100/modules/pending/discord_spellcheck-1.zip: 10%
7/4/2025, 12:56:55 AM CDT [Modules] Streaming discord_spellcheck@1 to /home/matthewkennedy/.config/discord/0.0.100/modules/pending/discord_spellcheck-1.zip: 11%
7/4/2025, 12:56:55 AM CDT [Modules] Streaming discord_spellcheck@1 to /home/matthewkennedy/.config/discord/0.0.100/modules/pending/discord_spellcheck-1.zip: 12%
7/4/2025, 12:56:55 AM CDT [Modules] Streaming discord_spellcheck@1 to /home/matthewkennedy/.config/discord/0.0.100/modules/pending/discord_spellcheck-1.zip: 13%
7/4/2025, 12:56:55 AM CDT [Modules] Streaming discord_spellcheck@1 to /home/matthewkennedy/.config/discord/0.0.100/modules/pending/discord_spellcheck-1.zip: 14%
7/4/2025, 12:56:55 AM CDT [Modules] Streaming discord_spellcheck@1 to /home/matthewkennedy/.config/discord/0.0.100/modules/pending/discord_spellcheck-1.zip: 15%
7/4/2025, 12:56:55 AM CDT [Modules] Streaming discord_spellcheck@1 to /home/matthewkennedy/.config/discord/0.0.100/modules/pending/discord_spellcheck-1.zip: 16%
7/4/2025, 12:56:55 AM CDT [Modules] Streaming discord_spellcheck@1 to /home/matthewkennedy/.config/discord/0.0.100/modules/pending/discord_spellcheck-1.zip: 17%
7/4/2025, 12:56:55 AM CDT [Modules] Streaming discord_spellcheck@1 to /home/matthewkennedy/.config/discord/0.0.100/modules/pending/discord_spellcheck-1.zip: 18%
7/4/2025, 12:56:55 AM CDT [Modules] Streaming discord_spellcheck@1 to /home/matthewkennedy/.config/discord/0.0.100/modules/pending/discord_spellcheck-1.zip: 19%
7/4/2025, 12:56:55 AM CDT [Modules] Streaming discord_spellcheck@1 to /home/matthewkennedy/.config/discord/0.0.100/modules/pending/discord_spellcheck-1.zip: 20%
7/4/2025, 12:56:55 AM CDT [Modules] Streaming discord_spellcheck@1 to /home/matthewkennedy/.config/discord/0.0.100/modules/pending/discord_spellcheck-1.zip: 21%
7/4/2025, 12:56:55 AM CDT [Modules] Streaming discord_spellcheck@1 to /home/matthewkennedy/.config/discord/0.0.100/modules/pending/discord_spellcheck-1.zip: 22%
7/4/2025, 12:56:55 AM CDT [Modules] Streaming discord_spellcheck@1 to /home/matthewkennedy/.config/discord/0.0.100/modules/pending/discord_spellcheck-1.zip: 23%
7/4/2025, 12:56:55 AM CDT [Modules] Streaming discord_spellcheck@1 to /home/matthewkennedy/.config/discord/0.0.100/modules/pending/discord_spellcheck-1.zip: 24%
7/4/2025, 12:56:55 AM CDT [Modules] Streaming discord_spellcheck@1 to /home/matthewkennedy/.config/discord/0.0.100/modules/pending/discord_spellcheck-1.zip: 25%
7/4/2025, 12:56:55 AM CDT [Modules] Streaming discord_spellcheck@1 to /home/matthewkennedy/.config/discord/0.0.100/modules/pending/discord_spellcheck-1.zip: 26%
7/4/2025, 12:56:55 AM CDT [Modules] Streaming discord_spellcheck@1 to /home/matthewkennedy/.config/discord/0.0.100/modules/pending/discord_spellcheck-1.zip: 27%
7/4/2025, 12:56:55 AM CDT [Modules] Streaming discord_spellcheck@1 to /home/matthewkennedy/.config/discord/0.0.100/modules/pending/discord_spellcheck-1.zip: 28%
7/4/2025, 12:56:55 AM CDT [Modules] Streaming discord_spellcheck@1 to /home/matthewkennedy/.config/discord/0.0.100/modules/pending/discord_spellcheck-1.zip: 29%
7/4/2025, 12:56:55 AM CDT [Modules] Streaming discord_spellcheck@1 to /home/matthewkennedy/.config/discord/0.0.100/modules/pending/discord_spellcheck-1.zip: 30%
7/4/2025, 12:56:55 AM CDT [Modules] Streaming discord_spellcheck@1 to /home/matthewkennedy/.config/discord/0.0.100/modules/pending/discord_spellcheck-1.zip: 31%
7/4/2025, 12:56:55 AM CDT [Modules] Streaming discord_spellcheck@1 to /home/matthewkennedy/.config/discord/0.0.100/modules/pending/discord_spellcheck-1.zip: 32%
7/4/2025, 12:56:55 AM CDT [Modules] Streaming discord_spellcheck@1 to /home/matthewkennedy/.config/discord/0.0.100/modules/pending/discord_spellcheck-1.zip: 33%
7/4/2025, 12:56:55 AM CDT [Modules] Streaming discord_spellcheck@1 to /home/matthewkennedy/.config/discord/0.0.100/modules/pending/discord_spellcheck-1.zip: 34%
7/4/2025, 12:56:55 AM CDT [Modules] Streaming discord_spellcheck@1 to /home/matthewkennedy/.config/discord/0.0.100/modules/pending/discord_spellcheck-1.zip: 35%
7/4/2025, 12:56:55 AM CDT [Modules] Streaming discord_spellcheck@1 to /home/matthewkennedy/.config/discord/0.0.100/modules/pending/discord_spellcheck-1.zip: 36%
7/4/2025, 12:56:55 AM CDT [Modules] Streaming discord_spellcheck@1 to /home/matthewkennedy/.config/discord/0.0.100/modules/pending/discord_spellcheck-1.zip: 37%
7/4/2025, 12:56:55 AM CDT [Modules] Streaming discord_spellcheck@1 to /home/matthewkennedy/.config/discord/0.0.100/modules/pending/discord_spellcheck-1.zip: 38%
7/4/2025, 12:56:55 AM CDT [Modules] Streaming discord_spellcheck@1 to /home/matthewkennedy/.config/discord/0.0.100/modules/pending/discord_spellcheck-1.zip: 39%
7/4/2025, 12:56:55 AM CDT [Modules] Streaming discord_spellcheck@1 to /home/matthewkennedy/.config/discord/0.0.100/modules/pending/discord_spellcheck-1.zip: 40%
7/4/2025, 12:56:56 AM CDT [Modules] Streaming discord_spellcheck@1 to /home/matthewkennedy/.config/discord/0.0.100/modules/pending/discord_spellcheck-1.zip: 41%
7/4/2025, 12:56:56 AM CDT [Modules] Streaming discord_spellcheck@1 to /home/matthewkennedy/.config/discord/0.0.100/modules/pending/discord_spellcheck-1.zip: 42%
7/4/2025, 12:56:56 AM CDT [Modules] Streaming discord_spellcheck@1 to /home/matthewkennedy/.config/discord/0.0.100/modules/pending/discord_spellcheck-1.zip: 43%
7/4/2025, 12:56:56 AM CDT [Modules] Streaming discord_spellcheck@1 to /home/matthewkennedy/.config/discord/0.0.100/modules/pending/discord_spellcheck-1.zip: 44%
7/4/2025, 12:56:56 AM CDT [Modules] Streaming discord_spellcheck@1 to /home/matthewkennedy/.config/discord/0.0.100/modules/pending/discord_spellcheck-1.zip: 45%
7/4/2025, 12:56:56 AM CDT [Modules] Streaming discord_spellcheck@1 to /home/matthewkennedy/.config/discord/0.0.100/modules/pending/discord_spellcheck-1.zip: 46%
7/4/2025, 12:56:56 AM CDT [Modules] Streaming discord_spellcheck@1 to /home/matthewkennedy/.config/discord/0.0.100/modules/pending/discord_spellcheck-1.zip: 47%
7/4/2025, 12:56:56 AM CDT [Modules] Streaming discord_spellcheck@1 to /home/matthewkennedy/.config/discord/0.0.100/modules/pending/discord_spellcheck-1.zip: 48%
7/4/2025, 12:56:56 AM CDT [Modules] Streaming discord_spellcheck@1 to /home/matthewkennedy/.config/discord/0.0.100/modules/pending/discord_spellcheck-1.zip: 49%
7/4/2025, 12:56:56 AM CDT [Modules] Streaming discord_spellcheck@1 to /home/matthewkennedy/.config/discord/0.0.100/modules/pending/discord_spellcheck-1.zip: 50%
7/4/2025, 12:56:56 AM CDT [Modules] Streaming discord_spellcheck@1 to /home/matthewkennedy/.config/discord/0.0.100/modules/pending/discord_spellcheck-1.zip: 51%
7/4/2025, 12:56:56 AM CDT [Modules] Streaming discord_spellcheck@1 to /home/matthewkennedy/.config/discord/0.0.100/modules/pending/discord_spellcheck-1.zip: 52%
7/4/2025, 12:56:56 AM CDT [Modules] Streaming discord_spellcheck@1 to /home/matthewkennedy/.config/discord/0.0.100/modules/pending/discord_spellcheck-1.zip: 53%
7/4/2025, 12:56:56 AM CDT [Modules] Streaming discord_spellcheck@1 to /home/matthewkennedy/.config/discord/0.0.100/modules/pending/discord_spellcheck-1.zip: 54%
7/4/2025, 12:56:56 AM CDT [Modules] Streaming discord_spellcheck@1 to /home/matthewkennedy/.config/discord/0.0.100/modules/pending/discord_spellcheck-1.zip: 55%
7/4/2025, 12:56:56 AM CDT [Modules] Streaming discord_spellcheck@1 to /home/matthewkennedy/.config/discord/0.0.100/modules/pending/discord_spellcheck-1.zip: 56%
7/4/2025, 12:56:56 AM CDT [Modules] Streaming discord_spellcheck@1 to /home/matthewkennedy/.config/discord/0.0.100/modules/pending/discord_spellcheck-1.zip: 57%
7/4/2025, 12:56:56 AM CDT [Modules] Streaming discord_spellcheck@1 to /home/matthewkennedy/.config/discord/0.0.100/modules/pending/discord_spellcheck-1.zip: 58%
7/4/2025, 12:56:56 AM CDT [Modules] Streaming discord_spellcheck@1 to /home/matthewkennedy/.config/discord/0.0.100/modules/pending/discord_spellcheck-1.zip: 59%
7/4/2025, 12:56:56 AM CDT [Modules] Streaming discord_spellcheck@1 to /home/matthewkennedy/.config/discord/0.0.100/modules/pending/discord_spellcheck-1.zip: 60%
7/4/2025, 12:56:56 AM CDT [Modules] Streaming discord_spellcheck@1 to /home/matthewkennedy/.config/discord/0.0.100/modules/pending/discord_spellcheck-1.zip: 61%
7/4/2025, 12:56:56 AM CDT [Modules] Streaming discord_spellcheck@1 to /home/matthewkennedy/.config/discord/0.0.100/modules/pending/discord_spellcheck-1.zip: 62%
7/4/2025, 12:56:56 AM CDT [Modules] Streaming discord_spellcheck@1 to /home/matthewkennedy/.config/discord/0.0.100/modules/pending/discord_spellcheck-1.zip: 63%
7/4/2025, 12:56:56 AM CDT [Modules] Streaming discord_spellcheck@1 to /home/matthewkennedy/.config/discord/0.0.100/modules/pending/discord_spellcheck-1.zip: 64%
7/4/2025, 12:56:56 AM CDT [Modules] Streaming discord_spellcheck@1 to /home/matthewkennedy/.config/discord/0.0.100/modules/pending/discord_spellcheck-1.zip: 65%
7/4/2025, 12:56:56 AM CDT [Modules] Streaming discord_spellcheck@1 to /home/matthewkennedy/.config/discord/0.0.100/modules/pending/discord_spellcheck-1.zip: 68%
7/4/2025, 12:56:56 AM CDT [Modules] Streaming discord_spellcheck@1 to /home/matthewkennedy/.config/discord/0.0.100/modules/pending/discord_spellcheck-1.zip: 72%
7/4/2025, 12:56:56 AM CDT [Modules] Streaming discord_spellcheck@1 to /home/matthewkennedy/.config/discord/0.0.100/modules/pending/discord_spellcheck-1.zip: 73%
7/4/2025, 12:56:56 AM CDT [Modules] Streaming discord_spellcheck@1 to /home/matthewkennedy/.config/discord/0.0.100/modules/pending/discord_spellcheck-1.zip: 74%
7/4/2025, 12:56:56 AM CDT [Modules] Streaming discord_spellcheck@1 to /home/matthewkennedy/.config/discord/0.0.100/modules/pending/discord_spellcheck-1.zip: 75%
7/4/2025, 12:56:56 AM CDT [Modules] Streaming discord_spellcheck@1 to /home/matthewkennedy/.config/discord/0.0.100/modules/pending/discord_spellcheck-1.zip: 76%
7/4/2025, 12:56:56 AM CDT [Modules] Streaming discord_spellcheck@1 to /home/matthewkennedy/.config/discord/0.0.100/modules/pending/discord_spellcheck-1.zip: 77%
7/4/2025, 12:56:56 AM CDT [Modules] Streaming discord_spellcheck@1 to /home/matthewkennedy/.config/discord/0.0.100/modules/pending/discord_spellcheck-1.zip: 78%
7/4/2025, 12:56:56 AM CDT [Modules] Streaming discord_spellcheck@1 to /home/matthewkennedy/.config/discord/0.0.100/modules/pending/discord_spellcheck-1.zip: 79%
7/4/2025, 12:56:56 AM CDT [Modules] Streaming discord_spellcheck@1 to /home/matthewkennedy/.config/discord/0.0.100/modules/pending/discord_spellcheck-1.zip: 80%
7/4/2025, 12:56:56 AM CDT [Modules] Streaming discord_spellcheck@1 to /home/matthewkennedy/.config/discord/0.0.100/modules/pending/discord_spellcheck-1.zip: 81%
7/4/2025, 12:56:56 AM CDT [Modules] Streaming discord_spellcheck@1 to /home/matthewkennedy/.config/discord/0.0.100/modules/pending/discord_spellcheck-1.zip: 82%
7/4/2025, 12:56:56 AM CDT [Modules] Streaming discord_spellcheck@1 to /home/matthewkennedy/.config/discord/0.0.100/modules/pending/discord_spellcheck-1.zip: 83%
7/4/2025, 12:56:56 AM CDT [Modules] Streaming discord_spellcheck@1 to /home/matthewkennedy/.config/discord/0.0.100/modules/pending/discord_spellcheck-1.zip: 84%
7/4/2025, 12:56:56 AM CDT [Modules] Streaming discord_spellcheck@1 to /home/matthewkennedy/.config/discord/0.0.100/modules/pending/discord_spellcheck-1.zip: 85%
7/4/2025, 12:56:56 AM CDT [Modules] Streaming discord_spellcheck@1 to /home/matthewkennedy/.config/discord/0.0.100/modules/pending/discord_spellcheck-1.zip: 86%
7/4/2025, 12:56:56 AM CDT [Modules] Streaming discord_spellcheck@1 to /home/matthewkennedy/.config/discord/0.0.100/modules/pending/discord_spellcheck-1.zip: 87%
7/4/2025, 12:56:56 AM CDT [Modules] Streaming discord_spellcheck@1 to /home/matthewkennedy/.config/discord/0.0.100/modules/pending/discord_spellcheck-1.zip: 88%
7/4/2025, 12:56:56 AM CDT [Modules] Streaming discord_spellcheck@1 to /home/matthewkennedy/.config/discord/0.0.100/modules/pending/discord_spellcheck-1.zip: 89%
7/4/2025, 12:56:56 AM CDT [Modules] Streaming discord_spellcheck@1 to /home/matthewkennedy/.config/discord/0.0.100/modules/pending/discord_spellcheck-1.zip: 90%
7/4/2025, 12:56:56 AM CDT [Modules] Streaming discord_spellcheck@1 to /home/matthewkennedy/.config/discord/0.0.100/modules/pending/discord_spellcheck-1.zip: 91%
7/4/2025, 12:56:56 AM CDT [Modules] Streaming discord_spellcheck@1 to /home/matthewkennedy/.config/discord/0.0.100/modules/pending/discord_spellcheck-1.zip: 92%
7/4/2025, 12:56:56 AM CDT [Modules] Streaming discord_spellcheck@1 to /home/matthewkennedy/.config/discord/0.0.100/modules/pending/discord_spellcheck-1.zip: 93%
7/4/2025, 12:56:56 AM CDT [Modules] Streaming discord_spellcheck@1 to /home/matthewkennedy/.config/discord/0.0.100/modules/pending/discord_spellcheck-1.zip: 94%
7/4/2025, 12:56:56 AM CDT [Modules] Streaming discord_spellcheck@1 to /home/matthewkennedy/.config/discord/0.0.100/modules/pending/discord_spellcheck-1.zip: 95%
7/4/2025, 12:56:56 AM CDT [Modules] Streaming discord_spellcheck@1 to /home/matthewkennedy/.config/discord/0.0.100/modules/pending/discord_spellcheck-1.zip: 96%
7/4/2025, 12:56:56 AM CDT [Modules] Streaming discord_spellcheck@1 to /home/matthewkennedy/.config/discord/0.0.100/modules/pending/discord_spellcheck-1.zip: 97%
7/4/2025, 12:56:56 AM CDT [Modules] Streaming discord_spellcheck@1 to /home/matthewkennedy/.config/discord/0.0.100/modules/pending/discord_spellcheck-1.zip: 98%
7/4/2025, 12:56:56 AM CDT [Modules] Streaming discord_spellcheck@1 to /home/matthewkennedy/.config/discord/0.0.100/modules/pending/discord_spellcheck-1.zip: 99%
7/4/2025, 12:56:56 AM CDT [Modules] Streaming discord_spellcheck@1 to /home/matthewkennedy/.config/discord/0.0.100/modules/pending/discord_spellcheck-1.zip: 100%
7/4/2025, 12:56:56 AM CDT [Modules] Fetching discord_utils@1 from https://discord.com/api/modules/stable/discord_utils/1
7/4/2025, 12:56:56 AM CDT [Modules] Streaming discord_utils@1 to /home/matthewkennedy/.config/discord/0.0.100/modules/pending/discord_utils-1.zip
7/4/2025, 12:56:56 AM CDT [Modules] Streaming discord_utils@1 to /home/matthewkennedy/.config/discord/0.0.100/modules/pending/discord_utils-1.zip: 1%
7/4/2025, 12:56:56 AM CDT [Modules] Streaming discord_utils@1 to /home/matthewkennedy/.config/discord/0.0.100/modules/pending/discord_utils-1.zip: 2%
7/4/2025, 12:56:56 AM CDT [Modules] Streaming discord_utils@1 to /home/matthewkennedy/.config/discord/0.0.100/modules/pending/discord_utils-1.zip: 3%
7/4/2025, 12:56:56 AM CDT [Modules] Streaming discord_utils@1 to /home/matthewkennedy/.config/discord/0.0.100/modules/pending/discord_utils-1.zip: 4%
7/4/2025, 12:56:56 AM CDT [Modules] Streaming discord_utils@1 to /home/matthewkennedy/.config/discord/0.0.100/modules/pending/discord_utils-1.zip: 5%
7/4/2025, 12:56:56 AM CDT [Modules] Streaming discord_utils@1 to /home/matthewkennedy/.config/discord/0.0.100/modules/pending/discord_utils-1.zip: 6%
7/4/2025, 12:56:56 AM CDT [Modules] Streaming discord_utils@1 to /home/matthewkennedy/.config/discord/0.0.100/modules/pending/discord_utils-1.zip: 7%
7/4/2025, 12:56:56 AM CDT [Modules] Streaming discord_utils@1 to /home/matthewkennedy/.config/discord/0.0.100/modules/pending/discord_utils-1.zip: 10%
7/4/2025, 12:56:56 AM CDT [Modules] Streaming discord_utils@1 to /home/matthewkennedy/.config/discord/0.0.100/modules/pending/discord_utils-1.zip: 12%
7/4/2025, 12:56:56 AM CDT [Modules] Streaming discord_utils@1 to /home/matthewkennedy/.config/discord/0.0.100/modules/pending/discord_utils-1.zip: 14%
7/4/2025, 12:56:56 AM CDT [Modules] Streaming discord_utils@1 to /home/matthewkennedy/.config/discord/0.0.100/modules/pending/discord_utils-1.zip: 15%
7/4/2025, 12:56:56 AM CDT [Modules] Streaming discord_utils@1 to /home/matthewkennedy/.config/discord/0.0.100/modules/pending/discord_utils-1.zip: 16%
7/4/2025, 12:56:56 AM CDT [Modules] Streaming discord_utils@1 to /home/matthewkennedy/.config/discord/0.0.100/modules/pending/discord_utils-1.zip: 18%
7/4/2025, 12:56:56 AM CDT [Modules] Streaming discord_utils@1 to /home/matthewkennedy/.config/discord/0.0.100/modules/pending/discord_utils-1.zip: 19%
7/4/2025, 12:56:56 AM CDT [Modules] Streaming discord_utils@1 to /home/matthewkennedy/.config/discord/0.0.100/modules/pending/discord_utils-1.zip: 21%
7/4/2025, 12:56:56 AM CDT [Modules] Streaming discord_utils@1 to /home/matthewkennedy/.config/discord/0.0.100/modules/pending/discord_utils-1.zip: 23%
7/4/2025, 12:56:56 AM CDT [Modules] Streaming discord_utils@1 to /home/matthewkennedy/.config/discord/0.0.100/modules/pending/discord_utils-1.zip: 24%
7/4/2025, 12:56:56 AM CDT [Modules] Streaming discord_utils@1 to /home/matthewkennedy/.config/discord/0.0.100/modules/pending/discord_utils-1.zip: 25%
7/4/2025, 12:56:56 AM CDT [Modules] Streaming discord_utils@1 to /home/matthewkennedy/.config/discord/0.0.100/modules/pending/discord_utils-1.zip: 26%
7/4/2025, 12:56:56 AM CDT [Modules] Streaming discord_utils@1 to /home/matthewkennedy/.config/discord/0.0.100/modules/pending/discord_utils-1.zip: 27%
7/4/2025, 12:56:56 AM CDT [Modules] Streaming discord_utils@1 to /home/matthewkennedy/.config/discord/0.0.100/modules/pending/discord_utils-1.zip: 29%
7/4/2025, 12:56:56 AM CDT [Modules] Streaming discord_utils@1 to /home/matthewkennedy/.config/discord/0.0.100/modules/pending/discord_utils-1.zip: 30%
7/4/2025, 12:56:56 AM CDT [Modules] Streaming discord_utils@1 to /home/matthewkennedy/.config/discord/0.0.100/modules/pending/discord_utils-1.zip: 31%
7/4/2025, 12:56:56 AM CDT [Modules] Streaming discord_utils@1 to /home/matthewkennedy/.config/discord/0.0.100/modules/pending/discord_utils-1.zip: 32%
7/4/2025, 12:56:56 AM CDT [Modules] Streaming discord_utils@1 to /home/matthewkennedy/.config/discord/0.0.100/modules/pending/discord_utils-1.zip: 33%
7/4/2025, 12:56:56 AM CDT [Modules] Streaming discord_utils@1 to /home/matthewkennedy/.config/discord/0.0.100/modules/pending/discord_utils-1.zip: 36%
7/4/2025, 12:56:56 AM CDT [Modules] Streaming discord_utils@1 to /home/matthewkennedy/.config/discord/0.0.100/modules/pending/discord_utils-1.zip: 37%
7/4/2025, 12:56:56 AM CDT [Modules] Streaming discord_utils@1 to /home/matthewkennedy/.config/discord/0.0.100/modules/pending/discord_utils-1.zip: 38%
7/4/2025, 12:56:56 AM CDT [Modules] Streaming discord_utils@1 to /home/matthewkennedy/.config/discord/0.0.100/modules/pending/discord_utils-1.zip: 39%
7/4/2025, 12:56:56 AM CDT [Modules] Streaming discord_utils@1 to /home/matthewkennedy/.config/discord/0.0.100/modules/pending/discord_utils-1.zip: 40%
7/4/2025, 12:56:56 AM CDT [Modules] Streaming discord_utils@1 to /home/matthewkennedy/.config/discord/0.0.100/modules/pending/discord_utils-1.zip: 41%
7/4/2025, 12:56:56 AM CDT [Modules] Streaming discord_utils@1 to /home/matthewkennedy/.config/discord/0.0.100/modules/pending/discord_utils-1.zip: 42%
7/4/2025, 12:56:56 AM CDT [Modules] Streaming discord_utils@1 to /home/matthewkennedy/.config/discord/0.0.100/modules/pending/discord_utils-1.zip: 44%
7/4/2025, 12:56:56 AM CDT [Modules] Streaming discord_utils@1 to /home/matthewkennedy/.config/discord/0.0.100/modules/pending/discord_utils-1.zip: 45%
7/4/2025, 12:56:56 AM CDT [Modules] Streaming discord_utils@1 to /home/matthewkennedy/.config/discord/0.0.100/modules/pending/discord_utils-1.zip: 46%
7/4/2025, 12:56:56 AM CDT [Modules] Streaming discord_utils@1 to /home/matthewkennedy/.config/discord/0.0.100/modules/pending/discord_utils-1.zip: 47%
7/4/2025, 12:56:56 AM CDT [Modules] Streaming discord_utils@1 to /home/matthewkennedy/.config/discord/0.0.100/modules/pending/discord_utils-1.zip: 49%
7/4/2025, 12:56:56 AM CDT [Modules] Streaming discord_utils@1 to /home/matthewkennedy/.config/discord/0.0.100/modules/pending/discord_utils-1.zip: 50%
7/4/2025, 12:56:56 AM CDT [Modules] Streaming discord_utils@1 to /home/matthewkennedy/.config/discord/0.0.100/modules/pending/discord_utils-1.zip: 51%
7/4/2025, 12:56:56 AM CDT [Modules] Streaming discord_utils@1 to /home/matthewkennedy/.config/discord/0.0.100/modules/pending/discord_utils-1.zip: 52%
7/4/2025, 12:56:56 AM CDT [Modules] Streaming discord_utils@1 to /home/matthewkennedy/.config/discord/0.0.100/modules/pending/discord_utils-1.zip: 53%
7/4/2025, 12:56:56 AM CDT [Modules] Streaming discord_utils@1 to /home/matthewkennedy/.config/discord/0.0.100/modules/pending/discord_utils-1.zip: 54%
7/4/2025, 12:56:56 AM CDT [Modules] Streaming discord_utils@1 to /home/matthewkennedy/.config/discord/0.0.100/modules/pending/discord_utils-1.zip: 55%
7/4/2025, 12:56:56 AM CDT [Modules] Streaming discord_utils@1 to /home/matthewkennedy/.config/discord/0.0.100/modules/pending/discord_utils-1.zip: 56%
7/4/2025, 12:56:56 AM CDT [Modules] Streaming discord_utils@1 to /home/matthewkennedy/.config/discord/0.0.100/modules/pending/discord_utils-1.zip: 57%
7/4/2025, 12:56:56 AM CDT [Modules] Streaming discord_utils@1 to /home/matthewkennedy/.config/discord/0.0.100/modules/pending/discord_utils-1.zip: 59%
7/4/2025, 12:56:56 AM CDT [Modules] Streaming discord_utils@1 to /home/matthewkennedy/.config/discord/0.0.100/modules/pending/discord_utils-1.zip: 60%
7/4/2025, 12:56:56 AM CDT [Modules] Streaming discord_utils@1 to /home/matthewkennedy/.config/discord/0.0.100/modules/pending/discord_utils-1.zip: 61%
7/4/2025, 12:56:56 AM CDT [Modules] Streaming discord_utils@1 to /home/matthewkennedy/.config/discord/0.0.100/modules/pending/discord_utils-1.zip: 62%
7/4/2025, 12:56:56 AM CDT [Modules] Streaming discord_utils@1 to /home/matthewkennedy/.config/discord/0.0.100/modules/pending/discord_utils-1.zip: 64%
7/4/2025, 12:56:56 AM CDT [Modules] Streaming discord_utils@1 to /home/matthewkennedy/.config/discord/0.0.100/modules/pending/discord_utils-1.zip: 65%
7/4/2025, 12:56:56 AM CDT [Modules] Streaming discord_utils@1 to /home/matthewkennedy/.config/discord/0.0.100/modules/pending/discord_utils-1.zip: 66%
7/4/2025, 12:56:56 AM CDT [Modules] Streaming discord_utils@1 to /home/matthewkennedy/.config/discord/0.0.100/modules/pending/discord_utils-1.zip: 67%
7/4/2025, 12:56:56 AM CDT [Modules] Streaming discord_utils@1 to /home/matthewkennedy/.config/discord/0.0.100/modules/pending/discord_utils-1.zip: 68%
7/4/2025, 12:56:56 AM CDT [Modules] Streaming discord_utils@1 to /home/matthewkennedy/.config/discord/0.0.100/modules/pending/discord_utils-1.zip: 69%
7/4/2025, 12:56:56 AM CDT [Modules] Streaming discord_utils@1 to /home/matthewkennedy/.config/discord/0.0.100/modules/pending/discord_utils-1.zip: 70%
7/4/2025, 12:56:56 AM CDT [Modules] Streaming discord_utils@1 to /home/matthewkennedy/.config/discord/0.0.100/modules/pending/discord_utils-1.zip: 71%
7/4/2025, 12:56:56 AM CDT [Modules] Streaming discord_utils@1 to /home/matthewkennedy/.config/discord/0.0.100/modules/pending/discord_utils-1.zip: 73%
7/4/2025, 12:56:56 AM CDT [Modules] Streaming discord_utils@1 to /home/matthewkennedy/.config/discord/0.0.100/modules/pending/discord_utils-1.zip: 74%
7/4/2025, 12:56:56 AM CDT [Modules] Streaming discord_utils@1 to /home/matthewkennedy/.config/discord/0.0.100/modules/pending/discord_utils-1.zip: 76%
7/4/2025, 12:56:56 AM CDT [Modules] Streaming discord_utils@1 to /home/matthewkennedy/.config/discord/0.0.100/modules/pending/discord_utils-1.zip: 77%
7/4/2025, 12:56:56 AM CDT [Modules] Streaming discord_utils@1 to /home/matthewkennedy/.config/discord/0.0.100/modules/pending/discord_utils-1.zip: 78%
7/4/2025, 12:56:56 AM CDT [Modules] Streaming discord_utils@1 to /home/matthewkennedy/.config/discord/0.0.100/modules/pending/discord_utils-1.zip: 79%
7/4/2025, 12:56:56 AM CDT [Modules] Streaming discord_utils@1 to /home/matthewkennedy/.config/discord/0.0.100/modules/pending/discord_utils-1.zip: 80%
7/4/2025, 12:56:56 AM CDT [Modules] Streaming discord_utils@1 to /home/matthewkennedy/.config/discord/0.0.100/modules/pending/discord_utils-1.zip: 82%
7/4/2025, 12:56:56 AM CDT [Modules] Streaming discord_utils@1 to /home/matthewkennedy/.config/discord/0.0.100/modules/pending/discord_utils-1.zip: 83%
7/4/2025, 12:56:56 AM CDT [Modules] Streaming discord_utils@1 to /home/matthewkennedy/.config/discord/0.0.100/modules/pending/discord_utils-1.zip: 84%
7/4/2025, 12:56:56 AM CDT [Modules] Streaming discord_utils@1 to /home/matthewkennedy/.config/discord/0.0.100/modules/pending/discord_utils-1.zip: 85%
7/4/2025, 12:56:56 AM CDT [Modules] Streaming discord_utils@1 to /home/matthewkennedy/.config/discord/0.0.100/modules/pending/discord_utils-1.zip: 86%
7/4/2025, 12:56:56 AM CDT [Modules] Streaming discord_utils@1 to /home/matthewkennedy/.config/discord/0.0.100/modules/pending/discord_utils-1.zip: 87%
7/4/2025, 12:56:56 AM CDT [Modules] Streaming discord_utils@1 to /home/matthewkennedy/.config/discord/0.0.100/modules/pending/discord_utils-1.zip: 88%
7/4/2025, 12:56:56 AM CDT [Modules] Streaming discord_utils@1 to /home/matthewkennedy/.config/discord/0.0.100/modules/pending/discord_utils-1.zip: 89%
7/4/2025, 12:56:56 AM CDT [Modules] Streaming discord_utils@1 to /home/matthewkennedy/.config/discord/0.0.100/modules/pending/discord_utils-1.zip: 91%
7/4/2025, 12:56:56 AM CDT [Modules] Streaming discord_utils@1 to /home/matthewkennedy/.config/discord/0.0.100/modules/pending/discord_utils-1.zip: 92%
7/4/2025, 12:56:56 AM CDT [Modules] Streaming discord_utils@1 to /home/matthewkennedy/.config/discord/0.0.100/modules/pending/discord_utils-1.zip: 93%
7/4/2025, 12:56:56 AM CDT [Modules] Streaming discord_utils@1 to /home/matthewkennedy/.config/discord/0.0.100/modules/pending/discord_utils-1.zip: 94%
7/4/2025, 12:56:56 AM CDT [Modules] Streaming discord_utils@1 to /home/matthewkennedy/.config/discord/0.0.100/modules/pending/discord_utils-1.zip: 95%
7/4/2025, 12:56:56 AM CDT [Modules] Streaming discord_utils@1 to /home/matthewkennedy/.config/discord/0.0.100/modules/pending/discord_utils-1.zip: 96%
7/4/2025, 12:56:56 AM CDT [Modules] Streaming discord_utils@1 to /home/matthewkennedy/.config/discord/0.0.100/modules/pending/discord_utils-1.zip: 98%
7/4/2025, 12:56:56 AM CDT [Modules] Streaming discord_utils@1 to /home/matthewkennedy/.config/discord/0.0.100/modules/pending/discord_utils-1.zip: 100%
7/4/2025, 12:56:56 AM CDT [Modules] Fetching discord_voice@1 from https://discord.com/api/modules/stable/discord_voice/1
7/4/2025, 12:56:56 AM CDT [Modules] Streaming discord_voice@1 to /home/matthewkennedy/.config/discord/0.0.100/modules/pending/discord_voice-1.zip
7/4/2025, 12:56:57 AM CDT [Modules] Streaming discord_voice@1 to /home/matthewkennedy/.config/discord/0.0.100/modules/pending/discord_voice-1.zip: 1%
7/4/2025, 12:56:57 AM CDT [Modules] Streaming discord_voice@1 to /home/matthewkennedy/.config/discord/0.0.100/modules/pending/discord_voice-1.zip: 2%
7/4/2025, 12:56:57 AM CDT [Modules] Streaming discord_voice@1 to /home/matthewkennedy/.config/discord/0.0.100/modules/pending/discord_voice-1.zip: 3%
7/4/2025, 12:56:57 AM CDT [Modules] Streaming discord_voice@1 to /home/matthewkennedy/.config/discord/0.0.100/modules/pending/discord_voice-1.zip: 4%
7/4/2025, 12:56:57 AM CDT [Modules] Streaming discord_voice@1 to /home/matthewkennedy/.config/discord/0.0.100/modules/pending/discord_voice-1.zip: 5%
7/4/2025, 12:56:57 AM CDT [Modules] Streaming discord_voice@1 to /home/matthewkennedy/.config/discord/0.0.100/modules/pending/discord_voice-1.zip: 6%
7/4/2025, 12:56:57 AM CDT [Modules] Streaming discord_voice@1 to /home/matthewkennedy/.config/discord/0.0.100/modules/pending/discord_voice-1.zip: 7%
7/4/2025, 12:56:57 AM CDT [Modules] Streaming discord_voice@1 to /home/matthewkennedy/.config/discord/0.0.100/modules/pending/discord_voice-1.zip: 8%
7/4/2025, 12:56:57 AM CDT [Modules] Streaming discord_voice@1 to /home/matthewkennedy/.config/discord/0.0.100/modules/pending/discord_voice-1.zip: 9%
7/4/2025, 12:56:57 AM CDT [Modules] Streaming discord_voice@1 to /home/matthewkennedy/.config/discord/0.0.100/modules/pending/discord_voice-1.zip: 10%
7/4/2025, 12:56:57 AM CDT [Modules] Streaming discord_voice@1 to /home/matthewkennedy/.config/discord/0.0.100/modules/pending/discord_voice-1.zip: 11%
7/4/2025, 12:56:57 AM CDT [Modules] Streaming discord_voice@1 to /home/matthewkennedy/.config/discord/0.0.100/modules/pending/discord_voice-1.zip: 12%
7/4/2025, 12:56:57 AM CDT [Modules] Streaming discord_voice@1 to /home/matthewkennedy/.config/discord/0.0.100/modules/pending/discord_voice-1.zip: 13%
7/4/2025, 12:56:57 AM CDT [Modules] Streaming discord_voice@1 to /home/matthewkennedy/.config/discord/0.0.100/modules/pending/discord_voice-1.zip: 14%
7/4/2025, 12:56:57 AM CDT [Modules] Streaming discord_voice@1 to /home/matthewkennedy/.config/discord/0.0.100/modules/pending/discord_voice-1.zip: 15%
7/4/2025, 12:56:57 AM CDT [Modules] Streaming discord_voice@1 to /home/matthewkennedy/.config/discord/0.0.100/modules/pending/discord_voice-1.zip: 16%
7/4/2025, 12:56:57 AM CDT [Modules] Streaming discord_voice@1 to /home/matthewkennedy/.config/discord/0.0.100/modules/pending/discord_voice-1.zip: 17%
7/4/2025, 12:56:57 AM CDT [Modules] Streaming discord_voice@1 to /home/matthewkennedy/.config/discord/0.0.100/modules/pending/discord_voice-1.zip: 18%
7/4/2025, 12:56:57 AM CDT [Modules] Streaming discord_voice@1 to /home/matthewkennedy/.config/discord/0.0.100/modules/pending/discord_voice-1.zip: 19%
7/4/2025, 12:56:57 AM CDT [Modules] Streaming discord_voice@1 to /home/matthewkennedy/.config/discord/0.0.100/modules/pending/discord_voice-1.zip: 20%
7/4/2025, 12:56:57 AM CDT [Modules] Streaming discord_voice@1 to /home/matthewkennedy/.config/discord/0.0.100/modules/pending/discord_voice-1.zip: 21%
7/4/2025, 12:56:57 AM CDT [Modules] Streaming discord_voice@1 to /home/matthewkennedy/.config/discord/0.0.100/modules/pending/discord_voice-1.zip: 22%
7/4/2025, 12:56:57 AM CDT [Modules] Streaming discord_voice@1 to /home/matthewkennedy/.config/discord/0.0.100/modules/pending/discord_voice-1.zip: 23%
7/4/2025, 12:56:57 AM CDT [Modules] Streaming discord_voice@1 to /home/matthewkennedy/.config/discord/0.0.100/modules/pending/discord_voice-1.zip: 24%
7/4/2025, 12:56:57 AM CDT [Modules] Streaming discord_voice@1 to /home/matthewkennedy/.config/discord/0.0.100/modules/pending/discord_voice-1.zip: 25%
7/4/2025, 12:56:57 AM CDT [Modules] Streaming discord_voice@1 to /home/matthewkennedy/.config/discord/0.0.100/modules/pending/discord_voice-1.zip: 26%
7/4/2025, 12:56:57 AM CDT [Modules] Streaming discord_voice@1 to /home/matthewkennedy/.config/discord/0.0.100/modules/pending/discord_voice-1.zip: 27%
7/4/2025, 12:56:57 AM CDT [Modules] Streaming discord_voice@1 to /home/matthewkennedy/.config/discord/0.0.100/modules/pending/discord_voice-1.zip: 28%
7/4/2025, 12:56:57 AM CDT [Modules] Streaming discord_voice@1 to /home/matthewkennedy/.config/discord/0.0.100/modules/pending/discord_voice-1.zip: 29%
7/4/2025, 12:56:57 AM CDT [Modules] Streaming discord_voice@1 to /home/matthewkennedy/.config/discord/0.0.100/modules/pending/discord_voice-1.zip: 30%
7/4/2025, 12:56:57 AM CDT [Modules] Streaming discord_voice@1 to /home/matthewkennedy/.config/discord/0.0.100/modules/pending/discord_voice-1.zip: 31%
7/4/2025, 12:56:57 AM CDT [Modules] Streaming discord_voice@1 to /home/matthewkennedy/.config/discord/0.0.100/modules/pending/discord_voice-1.zip: 32%
7/4/2025, 12:56:57 AM CDT [Modules] Streaming discord_voice@1 to /home/matthewkennedy/.config/discord/0.0.100/modules/pending/discord_voice-1.zip: 33%
7/4/2025, 12:56:57 AM CDT [Modules] Streaming discord_voice@1 to /home/matthewkennedy/.config/discord/0.0.100/modules/pending/discord_voice-1.zip: 34%
7/4/2025, 12:56:57 AM CDT [Modules] Streaming discord_voice@1 to /home/matthewkennedy/.config/discord/0.0.100/modules/pending/discord_voice-1.zip: 35%
7/4/2025, 12:56:57 AM CDT [Modules] Streaming discord_voice@1 to /home/matthewkennedy/.config/discord/0.0.100/modules/pending/discord_voice-1.zip: 36%
7/4/2025, 12:56:57 AM CDT [Modules] Streaming discord_voice@1 to /home/matthewkennedy/.config/discord/0.0.100/modules/pending/discord_voice-1.zip: 37%
7/4/2025, 12:56:57 AM CDT [Modules] Streaming discord_voice@1 to /home/matthewkennedy/.config/discord/0.0.100/modules/pending/discord_voice-1.zip: 38%
7/4/2025, 12:56:57 AM CDT [Modules] Streaming discord_voice@1 to /home/matthewkennedy/.config/discord/0.0.100/modules/pending/discord_voice-1.zip: 39%
7/4/2025, 12:56:57 AM CDT [Modules] Streaming discord_voice@1 to /home/matthewkennedy/.config/discord/0.0.100/modules/pending/discord_voice-1.zip: 40%
7/4/2025, 12:56:57 AM CDT [Modules] Streaming discord_voice@1 to /home/matthewkennedy/.config/discord/0.0.100/modules/pending/discord_voice-1.zip: 41%
7/4/2025, 12:56:57 AM CDT [Modules] Streaming discord_voice@1 to /home/matthewkennedy/.config/discord/0.0.100/modules/pending/discord_voice-1.zip: 43%
7/4/2025, 12:56:57 AM CDT [Modules] Streaming discord_voice@1 to /home/matthewkennedy/.config/discord/0.0.100/modules/pending/discord_voice-1.zip: 44%
7/4/2025, 12:56:57 AM CDT [Modules] Streaming discord_voice@1 to /home/matthewkennedy/.config/discord/0.0.100/modules/pending/discord_voice-1.zip: 45%
7/4/2025, 12:56:57 AM CDT [Modules] Streaming discord_voice@1 to /home/matthewkennedy/.config/discord/0.0.100/modules/pending/discord_voice-1.zip: 46%
7/4/2025, 12:56:57 AM CDT [Modules] Streaming discord_voice@1 to /home/matthewkennedy/.config/discord/0.0.100/modules/pending/discord_voice-1.zip: 47%
7/4/2025, 12:56:57 AM CDT [Modules] Streaming discord_voice@1 to /home/matthewkennedy/.config/discord/0.0.100/modules/pending/discord_voice-1.zip: 48%
7/4/2025, 12:56:57 AM CDT [Modules] Streaming discord_voice@1 to /home/matthewkennedy/.config/discord/0.0.100/modules/pending/discord_voice-1.zip: 49%
7/4/2025, 12:56:57 AM CDT [Modules] Streaming discord_voice@1 to /home/matthewkennedy/.config/discord/0.0.100/modules/pending/discord_voice-1.zip: 50%
7/4/2025, 12:56:57 AM CDT [Modules] Streaming discord_voice@1 to /home/matthewkennedy/.config/discord/0.0.100/modules/pending/discord_voice-1.zip: 51%
7/4/2025, 12:56:57 AM CDT [Modules] Streaming discord_voice@1 to /home/matthewkennedy/.config/discord/0.0.100/modules/pending/discord_voice-1.zip: 52%
7/4/2025, 12:56:57 AM CDT [Modules] Streaming discord_voice@1 to /home/matthewkennedy/.config/discord/0.0.100/modules/pending/discord_voice-1.zip: 53%
7/4/2025, 12:56:57 AM CDT [Modules] Streaming discord_voice@1 to /home/matthewkennedy/.config/discord/0.0.100/modules/pending/discord_voice-1.zip: 55%
7/4/2025, 12:56:57 AM CDT [Modules] Streaming discord_voice@1 to /home/matthewkennedy/.config/discord/0.0.100/modules/pending/discord_voice-1.zip: 56%
7/4/2025, 12:56:57 AM CDT [Modules] Streaming discord_voice@1 to /home/matthewkennedy/.config/discord/0.0.100/modules/pending/discord_voice-1.zip: 57%
7/4/2025, 12:56:57 AM CDT [Modules] Streaming discord_voice@1 to /home/matthewkennedy/.config/discord/0.0.100/modules/pending/discord_voice-1.zip: 58%
7/4/2025, 12:56:57 AM CDT [Modules] Streaming discord_voice@1 to /home/matthewkennedy/.config/discord/0.0.100/modules/pending/discord_voice-1.zip: 60%
7/4/2025, 12:56:57 AM CDT [Modules] Streaming discord_voice@1 to /home/matthewkennedy/.config/discord/0.0.100/modules/pending/discord_voice-1.zip: 61%
7/4/2025, 12:56:57 AM CDT [Modules] Streaming discord_voice@1 to /home/matthewkennedy/.config/discord/0.0.100/modules/pending/discord_voice-1.zip: 62%
7/4/2025, 12:56:57 AM CDT [Modules] Streaming discord_voice@1 to /home/matthewkennedy/.config/discord/0.0.100/modules/pending/discord_voice-1.zip: 63%
7/4/2025, 12:56:57 AM CDT [Modules] Streaming discord_voice@1 to /home/matthewkennedy/.config/discord/0.0.100/modules/pending/discord_voice-1.zip: 64%
7/4/2025, 12:56:58 AM CDT [Modules] Streaming discord_voice@1 to /home/matthewkennedy/.config/discord/0.0.100/modules/pending/discord_voice-1.zip: 65%
7/4/2025, 12:56:58 AM CDT [Modules] Streaming discord_voice@1 to /home/matthewkennedy/.config/discord/0.0.100/modules/pending/discord_voice-1.zip: 66%
7/4/2025, 12:56:58 AM CDT [Modules] Streaming discord_voice@1 to /home/matthewkennedy/.config/discord/0.0.100/modules/pending/discord_voice-1.zip: 69%
7/4/2025, 12:56:58 AM CDT [Modules] Streaming discord_voice@1 to /home/matthewkennedy/.config/discord/0.0.100/modules/pending/discord_voice-1.zip: 71%
7/4/2025, 12:56:58 AM CDT [Modules] Streaming discord_voice@1 to /home/matthewkennedy/.config/discord/0.0.100/modules/pending/discord_voice-1.zip: 72%
7/4/2025, 12:56:58 AM CDT [Modules] Streaming discord_voice@1 to /home/matthewkennedy/.config/discord/0.0.100/modules/pending/discord_voice-1.zip: 73%
7/4/2025, 12:56:58 AM CDT [Modules] Streaming discord_voice@1 to /home/matthewkennedy/.config/discord/0.0.100/modules/pending/discord_voice-1.zip: 74%
7/4/2025, 12:56:58 AM CDT [Modules] Streaming discord_voice@1 to /home/matthewkennedy/.config/discord/0.0.100/modules/pending/discord_voice-1.zip: 75%
7/4/2025, 12:56:58 AM CDT [Modules] Streaming discord_voice@1 to /home/matthewkennedy/.config/discord/0.0.100/modules/pending/discord_voice-1.zip: 76%
7/4/2025, 12:56:58 AM CDT [Modules] Streaming discord_voice@1 to /home/matthewkennedy/.config/discord/0.0.100/modules/pending/discord_voice-1.zip: 77%
7/4/2025, 12:56:58 AM CDT [Modules] Streaming discord_voice@1 to /home/matthewkennedy/.config/discord/0.0.100/modules/pending/discord_voice-1.zip: 78%
7/4/2025, 12:56:58 AM CDT [Modules] Streaming discord_voice@1 to /home/matthewkennedy/.config/discord/0.0.100/modules/pending/discord_voice-1.zip: 79%
7/4/2025, 12:56:58 AM CDT [Modules] Streaming discord_voice@1 to /home/matthewkennedy/.config/discord/0.0.100/modules/pending/discord_voice-1.zip: 80%
7/4/2025, 12:56:58 AM CDT [Modules] Streaming discord_voice@1 to /home/matthewkennedy/.config/discord/0.0.100/modules/pending/discord_voice-1.zip: 81%
7/4/2025, 12:56:58 AM CDT [Modules] Streaming discord_voice@1 to /home/matthewkennedy/.config/discord/0.0.100/modules/pending/discord_voice-1.zip: 82%
7/4/2025, 12:56:58 AM CDT [Modules] Streaming discord_voice@1 to /home/matthewkennedy/.config/discord/0.0.100/modules/pending/discord_voice-1.zip: 83%
7/4/2025, 12:56:58 AM CDT [Modules] Streaming discord_voice@1 to /home/matthewkennedy/.config/discord/0.0.100/modules/pending/discord_voice-1.zip: 84%
7/4/2025, 12:56:58 AM CDT [Modules] Streaming discord_voice@1 to /home/matthewkennedy/.config/discord/0.0.100/modules/pending/discord_voice-1.zip: 85%
7/4/2025, 12:56:58 AM CDT [Modules] Streaming discord_voice@1 to /home/matthewkennedy/.config/discord/0.0.100/modules/pending/discord_voice-1.zip: 86%
7/4/2025, 12:56:58 AM CDT [Modules] Streaming discord_voice@1 to /home/matthewkennedy/.config/discord/0.0.100/modules/pending/discord_voice-1.zip: 87%
7/4/2025, 12:56:58 AM CDT [Modules] Streaming discord_voice@1 to /home/matthewkennedy/.config/discord/0.0.100/modules/pending/discord_voice-1.zip: 88%
7/4/2025, 12:56:58 AM CDT [Modules] Streaming discord_voice@1 to /home/matthewkennedy/.config/discord/0.0.100/modules/pending/discord_voice-1.zip: 89%
7/4/2025, 12:56:58 AM CDT [Modules] Streaming discord_voice@1 to /home/matthewkennedy/.config/discord/0.0.100/modules/pending/discord_voice-1.zip: 90%
7/4/2025, 12:56:58 AM CDT [Modules] Streaming discord_voice@1 to /home/matthewkennedy/.config/discord/0.0.100/modules/pending/discord_voice-1.zip: 91%
7/4/2025, 12:56:58 AM CDT [Modules] Streaming discord_voice@1 to /home/matthewkennedy/.config/discord/0.0.100/modules/pending/discord_voice-1.zip: 92%
7/4/2025, 12:56:58 AM CDT [Modules] Streaming discord_voice@1 to /home/matthewkennedy/.config/discord/0.0.100/modules/pending/discord_voice-1.zip: 93%
7/4/2025, 12:56:58 AM CDT [Modules] Streaming discord_voice@1 to /home/matthewkennedy/.config/discord/0.0.100/modules/pending/discord_voice-1.zip: 94%
7/4/2025, 12:56:58 AM CDT [Modules] Streaming discord_voice@1 to /home/matthewkennedy/.config/discord/0.0.100/modules/pending/discord_voice-1.zip: 95%
7/4/2025, 12:56:58 AM CDT [Modules] Streaming discord_voice@1 to /home/matthewkennedy/.config/discord/0.0.100/modules/pending/discord_voice-1.zip: 96%
7/4/2025, 12:56:58 AM CDT [Modules] Streaming discord_voice@1 to /home/matthewkennedy/.config/discord/0.0.100/modules/pending/discord_voice-1.zip: 97%
7/4/2025, 12:56:58 AM CDT [Modules] Streaming discord_voice@1 to /home/matthewkennedy/.config/discord/0.0.100/modules/pending/discord_voice-1.zip: 98%
7/4/2025, 12:56:58 AM CDT [Modules] Streaming discord_voice@1 to /home/matthewkennedy/.config/discord/0.0.100/modules/pending/discord_voice-1.zip: 99%
7/4/2025, 12:56:58 AM CDT [Modules] Streaming discord_voice@1 to /home/matthewkennedy/.config/discord/0.0.100/modules/pending/discord_voice-1.zip: 100%
7/4/2025, 12:56:58 AM CDT [Modules] Fetching discord_zstd@1 from https://discord.com/api/modules/stable/discord_zstd/1
7/4/2025, 12:56:58 AM CDT [Modules] Streaming discord_zstd@1 to /home/matthewkennedy/.config/discord/0.0.100/modules/pending/discord_zstd-1.zip
7/4/2025, 12:56:58 AM CDT [Modules] Streaming discord_zstd@1 to /home/matthewkennedy/.config/discord/0.0.100/modules/pending/discord_zstd-1.zip: 7%
7/4/2025, 12:56:58 AM CDT [Modules] Streaming discord_zstd@1 to /home/matthewkennedy/.config/discord/0.0.100/modules/pending/discord_zstd-1.zip: 17%
7/4/2025, 12:56:58 AM CDT [Modules] Streaming discord_zstd@1 to /home/matthewkennedy/.config/discord/0.0.100/modules/pending/discord_zstd-1.zip: 27%
7/4/2025, 12:56:58 AM CDT [Modules] Streaming discord_zstd@1 to /home/matthewkennedy/.config/discord/0.0.100/modules/pending/discord_zstd-1.zip: 48%
7/4/2025, 12:56:58 AM CDT [Modules] Streaming discord_zstd@1 to /home/matthewkennedy/.config/discord/0.0.100/modules/pending/discord_zstd-1.zip: 63%
7/4/2025, 12:56:58 AM CDT [Modules] Streaming discord_zstd@1 to /home/matthewkennedy/.config/discord/0.0.100/modules/pending/discord_zstd-1.zip: 85%
7/4/2025, 12:56:58 AM CDT [Modules] Streaming discord_zstd@1 to /home/matthewkennedy/.config/discord/0.0.100/modules/pending/discord_zstd-1.zip: 100%
7/4/2025, 12:56:58 AM CDT [Modules] Finished module downloads. [success: 6] [failure: 0]
7/4/2025, 12:56:58 AM CDT [Modules] Installing updates...
7/4/2025, 12:56:58 AM CDT [Modules] Installing discord_desktop_core@1 from /home/matthewkennedy/.config/discord/0.0.100/modules/pending/discord_desktop_core-1.zip
7/4/2025, 12:56:58 AM CDT [Modules] Installing discord_erlpack@1 from /home/matthewkennedy/.config/discord/0.0.100/modules/pending/discord_erlpack-1.zip
7/4/2025, 12:56:58 AM CDT [Modules] Installing discord_spellcheck@1 from /home/matthewkennedy/.config/discord/0.0.100/modules/pending/discord_spellcheck-1.zip
7/4/2025, 12:57:00 AM CDT [Modules] Installing discord_utils@1 from /home/matthewkennedy/.config/discord/0.0.100/modules/pending/discord_utils-1.zip
7/4/2025, 12:57:00 AM CDT [Modules] Installing discord_voice@1 from /home/matthewkennedy/.config/discord/0.0.100/modules/pending/discord_voice-1.zip
7/4/2025, 12:57:01 AM CDT [Modules] Installing discord_zstd@1 from /home/matthewkennedy/.config/discord/0.0.100/modules/pending/discord_zstd-1.zip
7/4/2025, 12:57:01 AM CDT [Modules] Finished module installations. [success: 6] [failure: 0]
7/4/2025, 12:57:01 AM CDT [Modules] Checking for host updates.
7/4/2025, 12:57:01 AM CDT [Modules] Host is up to date.
7/4/2025, 12:57:01 AM CDT [Modules] Checking for module updates at https://discord.com/api/modules/stable/versions.json
7/4/2025, 12:57:01 AM CDT [Modules] No module updates available.
7/4/2025, 12:57:03 AM CDT [Modules] Starting to install discord_krisp...
7/4/2025, 12:57:03 AM CDT [Modules] Fetching discord_krisp@1 from https://discord.com/api/modules/stable/discord_krisp/1
7/4/2025, 12:57:03 AM CDT [Modules] Streaming discord_krisp@1 to /home/matthewkennedy/.config/discord/0.0.100/modules/pending/discord_krisp-1.zip
7/4/2025, 12:57:03 AM CDT [Modules] Starting to install discord_game_utils...
7/4/2025, 12:57:04 AM CDT [Modules] Streaming discord_krisp@1 to /home/matthewkennedy/.config/discord/0.0.100/modules/pending/discord_krisp-1.zip: 1%
7/4/2025, 12:57:04 AM CDT [Modules] Streaming discord_krisp@1 to /home/matthewkennedy/.config/discord/0.0.100/modules/pending/discord_krisp-1.zip: 2%
7/4/2025, 12:57:04 AM CDT [Modules] Streaming discord_krisp@1 to /home/matthewkennedy/.config/discord/0.0.100/modules/pending/discord_krisp-1.zip: 3%
7/4/2025, 12:57:04 AM CDT [Modules] Streaming discord_krisp@1 to /home/matthewkennedy/.config/discord/0.0.100/modules/pending/discord_krisp-1.zip: 4%
7/4/2025, 12:57:04 AM CDT [Modules] Streaming discord_krisp@1 to /home/matthewkennedy/.config/discord/0.0.100/modules/pending/discord_krisp-1.zip: 5%
7/4/2025, 12:57:04 AM CDT [Modules] Streaming discord_krisp@1 to /home/matthewkennedy/.config/discord/0.0.100/modules/pending/discord_krisp-1.zip: 6%
7/4/2025, 12:57:04 AM CDT [Modules] Streaming discord_krisp@1 to /home/matthewkennedy/.config/discord/0.0.100/modules/pending/discord_krisp-1.zip: 7%
7/4/2025, 12:57:04 AM CDT [Modules] Streaming discord_krisp@1 to /home/matthewkennedy/.config/discord/0.0.100/modules/pending/discord_krisp-1.zip: 8%
7/4/2025, 12:57:04 AM CDT [Modules] Streaming discord_krisp@1 to /home/matthewkennedy/.config/discord/0.0.100/modules/pending/discord_krisp-1.zip: 9%
7/4/2025, 12:57:04 AM CDT [Modules] Streaming discord_krisp@1 to /home/matthewkennedy/.config/discord/0.0.100/modules/pending/discord_krisp-1.zip: 10%
7/4/2025, 12:57:04 AM CDT [Modules] Streaming discord_krisp@1 to /home/matthewkennedy/.config/discord/0.0.100/modules/pending/discord_krisp-1.zip: 11%
7/4/2025, 12:57:04 AM CDT [Modules] Streaming discord_krisp@1 to /home/matthewkennedy/.config/discord/0.0.100/modules/pending/discord_krisp-1.zip: 12%
7/4/2025, 12:57:04 AM CDT [Modules] Streaming discord_krisp@1 to /home/matthewkennedy/.config/discord/0.0.100/modules/pending/discord_krisp-1.zip: 13%
7/4/2025, 12:57:04 AM CDT [Modules] Streaming discord_krisp@1 to /home/matthewkennedy/.config/discord/0.0.100/modules/pending/discord_krisp-1.zip: 14%
7/4/2025, 12:57:04 AM CDT [Modules] Streaming discord_krisp@1 to /home/matthewkennedy/.config/discord/0.0.100/modules/pending/discord_krisp-1.zip: 15%
7/4/2025, 12:57:04 AM CDT [Modules] Streaming discord_krisp@1 to /home/matthewkennedy/.config/discord/0.0.100/modules/pending/discord_krisp-1.zip: 16%
7/4/2025, 12:57:04 AM CDT [Modules] Streaming discord_krisp@1 to /home/matthewkennedy/.config/discord/0.0.100/modules/pending/discord_krisp-1.zip: 17%
7/4/2025, 12:57:04 AM CDT [Modules] Streaming discord_krisp@1 to /home/matthewkennedy/.config/discord/0.0.100/modules/pending/discord_krisp-1.zip: 18%
7/4/2025, 12:57:04 AM CDT [Modules] Streaming discord_krisp@1 to /home/matthewkennedy/.config/discord/0.0.100/modules/pending/discord_krisp-1.zip: 19%
7/4/2025, 12:57:04 AM CDT [Modules] Streaming discord_krisp@1 to /home/matthewkennedy/.config/discord/0.0.100/modules/pending/discord_krisp-1.zip: 20%
7/4/2025, 12:57:04 AM CDT [Modules] Streaming discord_krisp@1 to /home/matthewkennedy/.config/discord/0.0.100/modules/pending/discord_krisp-1.zip: 21%
7/4/2025, 12:57:04 AM CDT [Modules] Streaming discord_krisp@1 to /home/matthewkennedy/.config/discord/0.0.100/modules/pending/discord_krisp-1.zip: 22%
7/4/2025, 12:57:04 AM CDT [Modules] Streaming discord_krisp@1 to /home/matthewkennedy/.config/discord/0.0.100/modules/pending/discord_krisp-1.zip: 23%
7/4/2025, 12:57:04 AM CDT [Modules] Streaming discord_krisp@1 to /home/matthewkennedy/.config/discord/0.0.100/modules/pending/discord_krisp-1.zip: 24%
7/4/2025, 12:57:04 AM CDT [Modules] Streaming discord_krisp@1 to /home/matthewkennedy/.config/discord/0.0.100/modules/pending/discord_krisp-1.zip: 25%
7/4/2025, 12:57:04 AM CDT [Modules] Streaming discord_krisp@1 to /home/matthewkennedy/.config/discord/0.0.100/modules/pending/discord_krisp-1.zip: 26%
7/4/2025, 12:57:04 AM CDT [Modules] Streaming discord_krisp@1 to /home/matthewkennedy/.config/discord/0.0.100/modules/pending/discord_krisp-1.zip: 28%
7/4/2025, 12:57:04 AM CDT [Modules] Streaming discord_krisp@1 to /home/matthewkennedy/.config/discord/0.0.100/modules/pending/discord_krisp-1.zip: 29%
7/4/2025, 12:57:04 AM CDT [Modules] Streaming discord_krisp@1 to /home/matthewkennedy/.config/discord/0.0.100/modules/pending/discord_krisp-1.zip: 30%
7/4/2025, 12:57:04 AM CDT [Modules] Streaming discord_krisp@1 to /home/matthewkennedy/.config/discord/0.0.100/modules/pending/discord_krisp-1.zip: 31%
7/4/2025, 12:57:04 AM CDT [Modules] Streaming discord_krisp@1 to /home/matthewkennedy/.config/discord/0.0.100/modules/pending/discord_krisp-1.zip: 32%
7/4/2025, 12:57:04 AM CDT [Modules] Streaming discord_krisp@1 to /home/matthewkennedy/.config/discord/0.0.100/modules/pending/discord_krisp-1.zip: 33%
7/4/2025, 12:57:04 AM CDT [Modules] Streaming discord_krisp@1 to /home/matthewkennedy/.config/discord/0.0.100/modules/pending/discord_krisp-1.zip: 34%
7/4/2025, 12:57:04 AM CDT [Modules] Streaming discord_krisp@1 to /home/matthewkennedy/.config/discord/0.0.100/modules/pending/discord_krisp-1.zip: 35%
7/4/2025, 12:57:04 AM CDT [Modules] Streaming discord_krisp@1 to /home/matthewkennedy/.config/discord/0.0.100/modules/pending/discord_krisp-1.zip: 36%
7/4/2025, 12:57:04 AM CDT [Modules] Streaming discord_krisp@1 to /home/matthewkennedy/.config/discord/0.0.100/modules/pending/discord_krisp-1.zip: 37%
7/4/2025, 12:57:04 AM CDT [Modules] Streaming discord_krisp@1 to /home/matthewkennedy/.config/discord/0.0.100/modules/pending/discord_krisp-1.zip: 38%
7/4/2025, 12:57:04 AM CDT [Modules] Streaming discord_krisp@1 to /home/matthewkennedy/.config/discord/0.0.100/modules/pending/discord_krisp-1.zip: 39%
7/4/2025, 12:57:04 AM CDT [Modules] Streaming discord_krisp@1 to /home/matthewkennedy/.config/discord/0.0.100/modules/pending/discord_krisp-1.zip: 40%
7/4/2025, 12:57:04 AM CDT [Modules] Streaming discord_krisp@1 to /home/matthewkennedy/.config/discord/0.0.100/modules/pending/discord_krisp-1.zip: 41%
7/4/2025, 12:57:04 AM CDT [Modules] Streaming discord_krisp@1 to /home/matthewkennedy/.config/discord/0.0.100/modules/pending/discord_krisp-1.zip: 42%
7/4/2025, 12:57:04 AM CDT [Modules] Streaming discord_krisp@1 to /home/matthewkennedy/.config/discord/0.0.100/modules/pending/discord_krisp-1.zip: 43%
7/4/2025, 12:57:04 AM CDT [Modules] Streaming discord_krisp@1 to /home/matthewkennedy/.config/discord/0.0.100/modules/pending/discord_krisp-1.zip: 44%
7/4/2025, 12:57:04 AM CDT [Modules] Streaming discord_krisp@1 to /home/matthewkennedy/.config/discord/0.0.100/modules/pending/discord_krisp-1.zip: 45%
7/4/2025, 12:57:04 AM CDT [Modules] Streaming discord_krisp@1 to /home/matthewkennedy/.config/discord/0.0.100/modules/pending/discord_krisp-1.zip: 46%
7/4/2025, 12:57:05 AM CDT [Modules] Streaming discord_krisp@1 to /home/matthewkennedy/.config/discord/0.0.100/modules/pending/discord_krisp-1.zip: 47%
7/4/2025, 12:57:05 AM CDT [Modules] Streaming discord_krisp@1 to /home/matthewkennedy/.config/discord/0.0.100/modules/pending/discord_krisp-1.zip: 48%
7/4/2025, 12:57:05 AM CDT [Modules] Streaming discord_krisp@1 to /home/matthewkennedy/.config/discord/0.0.100/modules/pending/discord_krisp-1.zip: 49%
7/4/2025, 12:57:05 AM CDT [Modules] Streaming discord_krisp@1 to /home/matthewkennedy/.config/discord/0.0.100/modules/pending/discord_krisp-1.zip: 50%
7/4/2025, 12:57:05 AM CDT [Modules] Streaming discord_krisp@1 to /home/matthewkennedy/.config/discord/0.0.100/modules/pending/discord_krisp-1.zip: 51%
7/4/2025, 12:57:05 AM CDT [Modules] Streaming discord_krisp@1 to /home/matthewkennedy/.config/discord/0.0.100/modules/pending/discord_krisp-1.zip: 52%
7/4/2025, 12:57:05 AM CDT [Modules] Streaming discord_krisp@1 to /home/matthewkennedy/.config/discord/0.0.100/modules/pending/discord_krisp-1.zip: 53%
7/4/2025, 12:57:05 AM CDT [Modules] Streaming discord_krisp@1 to /home/matthewkennedy/.config/discord/0.0.100/modules/pending/discord_krisp-1.zip: 54%
7/4/2025, 12:57:05 AM CDT [Modules] Streaming discord_krisp@1 to /home/matthewkennedy/.config/discord/0.0.100/modules/pending/discord_krisp-1.zip: 55%
7/4/2025, 12:57:05 AM CDT [Modules] Streaming discord_krisp@1 to /home/matthewkennedy/.config/discord/0.0.100/modules/pending/discord_krisp-1.zip: 56%
7/4/2025, 12:57:05 AM CDT [Modules] Streaming discord_krisp@1 to /home/matthewkennedy/.config/discord/0.0.100/modules/pending/discord_krisp-1.zip: 57%
7/4/2025, 12:57:05 AM CDT [Modules] Streaming discord_krisp@1 to /home/matthewkennedy/.config/discord/0.0.100/modules/pending/discord_krisp-1.zip: 58%
7/4/2025, 12:57:05 AM CDT [Modules] Streaming discord_krisp@1 to /home/matthewkennedy/.config/discord/0.0.100/modules/pending/discord_krisp-1.zip: 59%
7/4/2025, 12:57:05 AM CDT [Modules] Streaming discord_krisp@1 to /home/matthewkennedy/.config/discord/0.0.100/modules/pending/discord_krisp-1.zip: 60%
7/4/2025, 12:57:05 AM CDT [Modules] Streaming discord_krisp@1 to /home/matthewkennedy/.config/discord/0.0.100/modules/pending/discord_krisp-1.zip: 61%
7/4/2025, 12:57:05 AM CDT [Modules] Streaming discord_krisp@1 to /home/matthewkennedy/.config/discord/0.0.100/modules/pending/discord_krisp-1.zip: 62%
7/4/2025, 12:57:05 AM CDT [Modules] Streaming discord_krisp@1 to /home/matthewkennedy/.config/discord/0.0.100/modules/pending/discord_krisp-1.zip: 63%
7/4/2025, 12:57:05 AM CDT [Modules] Streaming discord_krisp@1 to /home/matthewkennedy/.config/discord/0.0.100/modules/pending/discord_krisp-1.zip: 65%
7/4/2025, 12:57:05 AM CDT [Modules] Streaming discord_krisp@1 to /home/matthewkennedy/.config/discord/0.0.100/modules/pending/discord_krisp-1.zip: 66%
7/4/2025, 12:57:05 AM CDT [Modules] Streaming discord_krisp@1 to /home/matthewkennedy/.config/discord/0.0.100/modules/pending/discord_krisp-1.zip: 67%
7/4/2025, 12:57:05 AM CDT [Modules] Streaming discord_krisp@1 to /home/matthewkennedy/.config/discord/0.0.100/modules/pending/discord_krisp-1.zip: 68%
7/4/2025, 12:57:05 AM CDT [Modules] Streaming discord_krisp@1 to /home/matthewkennedy/.config/discord/0.0.100/modules/pending/discord_krisp-1.zip: 69%
7/4/2025, 12:57:05 AM CDT [Modules] Streaming discord_krisp@1 to /home/matthewkennedy/.config/discord/0.0.100/modules/pending/discord_krisp-1.zip: 70%
7/4/2025, 12:57:05 AM CDT [Modules] Streaming discord_krisp@1 to /home/matthewkennedy/.config/discord/0.0.100/modules/pending/discord_krisp-1.zip: 71%
7/4/2025, 12:57:05 AM CDT [Modules] Streaming discord_krisp@1 to /home/matthewkennedy/.config/discord/0.0.100/modules/pending/discord_krisp-1.zip: 72%
7/4/2025, 12:57:05 AM CDT [Modules] Streaming discord_krisp@1 to /home/matthewkennedy/.config/discord/0.0.100/modules/pending/discord_krisp-1.zip: 73%
7/4/2025, 12:57:05 AM CDT [Modules] Streaming discord_krisp@1 to /home/matthewkennedy/.config/discord/0.0.100/modules/pending/discord_krisp-1.zip: 74%
7/4/2025, 12:57:05 AM CDT [Modules] Streaming discord_krisp@1 to /home/matthewkennedy/.config/discord/0.0.100/modules/pending/discord_krisp-1.zip: 75%
7/4/2025, 12:57:05 AM CDT [Modules] Streaming discord_krisp@1 to /home/matthewkennedy/.config/discord/0.0.100/modules/pending/discord_krisp-1.zip: 76%
7/4/2025, 12:57:05 AM CDT [Modules] Streaming discord_krisp@1 to /home/matthewkennedy/.config/discord/0.0.100/modules/pending/discord_krisp-1.zip: 77%
7/4/2025, 12:57:05 AM CDT [Modules] Streaming discord_krisp@1 to /home/matthewkennedy/.config/discord/0.0.100/modules/pending/discord_krisp-1.zip: 78%
7/4/2025, 12:57:05 AM CDT [Modules] Streaming discord_krisp@1 to /home/matthewkennedy/.config/discord/0.0.100/modules/pending/discord_krisp-1.zip: 79%
7/4/2025, 12:57:05 AM CDT [Modules] Streaming discord_krisp@1 to /home/matthewkennedy/.config/discord/0.0.100/modules/pending/discord_krisp-1.zip: 80%
7/4/2025, 12:57:05 AM CDT [Modules] Streaming discord_krisp@1 to /home/matthewkennedy/.config/discord/0.0.100/modules/pending/discord_krisp-1.zip: 81%
7/4/2025, 12:57:05 AM CDT [Modules] Streaming discord_krisp@1 to /home/matthewkennedy/.config/discord/0.0.100/modules/pending/discord_krisp-1.zip: 82%
7/4/2025, 12:57:05 AM CDT [Modules] Streaming discord_krisp@1 to /home/matthewkennedy/.config/discord/0.0.100/modules/pending/discord_krisp-1.zip: 83%
7/4/2025, 12:57:05 AM CDT [Modules] Streaming discord_krisp@1 to /home/matthewkennedy/.config/discord/0.0.100/modules/pending/discord_krisp-1.zip: 84%
7/4/2025, 12:57:05 AM CDT [Modules] Streaming discord_krisp@1 to /home/matthewkennedy/.config/discord/0.0.100/modules/pending/discord_krisp-1.zip: 85%
7/4/2025, 12:57:05 AM CDT [Modules] Streaming discord_krisp@1 to /home/matthewkennedy/.config/discord/0.0.100/modules/pending/discord_krisp-1.zip: 86%
7/4/2025, 12:57:05 AM CDT [Modules] Streaming discord_krisp@1 to /home/matthewkennedy/.config/discord/0.0.100/modules/pending/discord_krisp-1.zip: 87%
7/4/2025, 12:57:05 AM CDT [Modules] Streaming discord_krisp@1 to /home/matthewkennedy/.config/discord/0.0.100/modules/pending/discord_krisp-1.zip: 88%
7/4/2025, 12:57:05 AM CDT [Modules] Streaming discord_krisp@1 to /home/matthewkennedy/.config/discord/0.0.100/modules/pending/discord_krisp-1.zip: 89%
7/4/2025, 12:57:05 AM CDT [Modules] Streaming discord_krisp@1 to /home/matthewkennedy/.config/discord/0.0.100/modules/pending/discord_krisp-1.zip: 90%
7/4/2025, 12:57:05 AM CDT [Modules] Streaming discord_krisp@1 to /home/matthewkennedy/.config/discord/0.0.100/modules/pending/discord_krisp-1.zip: 91%
7/4/2025, 12:57:05 AM CDT [Modules] Streaming discord_krisp@1 to /home/matthewkennedy/.config/discord/0.0.100/modules/pending/discord_krisp-1.zip: 92%
7/4/2025, 12:57:05 AM CDT [Modules] Streaming discord_krisp@1 to /home/matthewkennedy/.config/discord/0.0.100/modules/pending/discord_krisp-1.zip: 93%
7/4/2025, 12:57:05 AM CDT [Modules] Streaming discord_krisp@1 to /home/matthewkennedy/.config/discord/0.0.100/modules/pending/discord_krisp-1.zip: 94%
7/4/2025, 12:57:05 AM CDT [Modules] Streaming discord_krisp@1 to /home/matthewkennedy/.config/discord/0.0.100/modules/pending/discord_krisp-1.zip: 95%
7/4/2025, 12:57:05 AM CDT [Modules] Streaming discord_krisp@1 to /home/matthewkennedy/.config/discord/0.0.100/modules/pending/discord_krisp-1.zip: 96%
7/4/2025, 12:57:05 AM CDT [Modules] Starting to install discord_rpc...
7/4/2025, 12:57:05 AM CDT [Modules] Streaming discord_krisp@1 to /home/matthewkennedy/.config/discord/0.0.100/modules/pending/discord_krisp-1.zip: 97%
7/4/2025, 12:57:05 AM CDT [Modules] Streaming discord_krisp@1 to /home/matthewkennedy/.config/discord/0.0.100/modules/pending/discord_krisp-1.zip: 98%
7/4/2025, 12:57:05 AM CDT [Modules] Streaming discord_krisp@1 to /home/matthewkennedy/.config/discord/0.0.100/modules/pending/discord_krisp-1.zip: 100%
7/4/2025, 12:57:05 AM CDT [Modules] Fetching discord_game_utils@1 from https://discord.com/api/modules/stable/discord_game_utils/1
7/4/2025, 12:57:05 AM CDT [Modules] Streaming discord_game_utils@1 to /home/matthewkennedy/.config/discord/0.0.100/modules/pending/discord_game_utils-1.zip
7/4/2025, 12:57:05 AM CDT [Modules] Installing discord_krisp@1 from /home/matthewkennedy/.config/discord/0.0.100/modules/pending/discord_krisp-1.zip
7/4/2025, 12:57:05 AM CDT [Modules] Streaming discord_game_utils@1 to /home/matthewkennedy/.config/discord/0.0.100/modules/pending/discord_game_utils-1.zip: 1%
7/4/2025, 12:57:05 AM CDT [Modules] Streaming discord_game_utils@1 to /home/matthewkennedy/.config/discord/0.0.100/modules/pending/discord_game_utils-1.zip: 2%
7/4/2025, 12:57:05 AM CDT [Modules] Streaming discord_game_utils@1 to /home/matthewkennedy/.config/discord/0.0.100/modules/pending/discord_game_utils-1.zip: 4%
7/4/2025, 12:57:05 AM CDT [Modules] Streaming discord_game_utils@1 to /home/matthewkennedy/.config/discord/0.0.100/modules/pending/discord_game_utils-1.zip: 6%
7/4/2025, 12:57:05 AM CDT [Modules] Streaming discord_game_utils@1 to /home/matthewkennedy/.config/discord/0.0.100/modules/pending/discord_game_utils-1.zip: 9%
7/4/2025, 12:57:05 AM CDT [Modules] Streaming discord_game_utils@1 to /home/matthewkennedy/.config/discord/0.0.100/modules/pending/discord_game_utils-1.zip: 18%
7/4/2025, 12:57:05 AM CDT [Modules] Streaming discord_game_utils@1 to /home/matthewkennedy/.config/discord/0.0.100/modules/pending/discord_game_utils-1.zip: 22%
7/4/2025, 12:57:05 AM CDT [Modules] Streaming discord_game_utils@1 to /home/matthewkennedy/.config/discord/0.0.100/modules/pending/discord_game_utils-1.zip: 29%
7/4/2025, 12:57:05 AM CDT [Modules] Streaming discord_game_utils@1 to /home/matthewkennedy/.config/discord/0.0.100/modules/pending/discord_game_utils-1.zip: 41%
7/4/2025, 12:57:05 AM CDT [Modules] Streaming discord_game_utils@1 to /home/matthewkennedy/.config/discord/0.0.100/modules/pending/discord_game_utils-1.zip: 46%
7/4/2025, 12:57:05 AM CDT [Modules] Streaming discord_game_utils@1 to /home/matthewkennedy/.config/discord/0.0.100/modules/pending/discord_game_utils-1.zip: 48%
7/4/2025, 12:57:05 AM CDT [Modules] Streaming discord_game_utils@1 to /home/matthewkennedy/.config/discord/0.0.100/modules/pending/discord_game_utils-1.zip: 49%
7/4/2025, 12:57:05 AM CDT [Modules] Streaming discord_game_utils@1 to /home/matthewkennedy/.config/discord/0.0.100/modules/pending/discord_game_utils-1.zip: 50%
7/4/2025, 12:57:05 AM CDT [Modules] Streaming discord_game_utils@1 to /home/matthewkennedy/.config/discord/0.0.100/modules/pending/discord_game_utils-1.zip: 51%
7/4/2025, 12:57:05 AM CDT [Modules] Streaming discord_game_utils@1 to /home/matthewkennedy/.config/discord/0.0.100/modules/pending/discord_game_utils-1.zip: 52%
7/4/2025, 12:57:05 AM CDT [Modules] Streaming discord_game_utils@1 to /home/matthewkennedy/.config/discord/0.0.100/modules/pending/discord_game_utils-1.zip: 53%
7/4/2025, 12:57:05 AM CDT [Modules] Streaming discord_game_utils@1 to /home/matthewkennedy/.config/discord/0.0.100/modules/pending/discord_game_utils-1.zip: 54%
7/4/2025, 12:57:05 AM CDT [Modules] Streaming discord_game_utils@1 to /home/matthewkennedy/.config/discord/0.0.100/modules/pending/discord_game_utils-1.zip: 55%
7/4/2025, 12:57:05 AM CDT [Modules] Streaming discord_game_utils@1 to /home/matthewkennedy/.config/discord/0.0.100/modules/pending/discord_game_utils-1.zip: 57%
7/4/2025, 12:57:05 AM CDT [Modules] Streaming discord_game_utils@1 to /home/matthewkennedy/.config/discord/0.0.100/modules/pending/discord_game_utils-1.zip: 58%
7/4/2025, 12:57:05 AM CDT [Modules] Streaming discord_game_utils@1 to /home/matthewkennedy/.config/discord/0.0.100/modules/pending/discord_game_utils-1.zip: 59%
7/4/2025, 12:57:05 AM CDT [Modules] Streaming discord_game_utils@1 to /home/matthewkennedy/.config/discord/0.0.100/modules/pending/discord_game_utils-1.zip: 60%
7/4/2025, 12:57:05 AM CDT [Modules] Streaming discord_game_utils@1 to /home/matthewkennedy/.config/discord/0.0.100/modules/pending/discord_game_utils-1.zip: 63%
7/4/2025, 12:57:05 AM CDT [Modules] Streaming discord_game_utils@1 to /home/matthewkennedy/.config/discord/0.0.100/modules/pending/discord_game_utils-1.zip: 64%
7/4/2025, 12:57:05 AM CDT [Modules] Streaming discord_game_utils@1 to /home/matthewkennedy/.config/discord/0.0.100/modules/pending/discord_game_utils-1.zip: 66%
7/4/2025, 12:57:05 AM CDT [Modules] Streaming discord_game_utils@1 to /home/matthewkennedy/.config/discord/0.0.100/modules/pending/discord_game_utils-1.zip: 68%
7/4/2025, 12:57:05 AM CDT [Modules] Streaming discord_game_utils@1 to /home/matthewkennedy/.config/discord/0.0.100/modules/pending/discord_game_utils-1.zip: 69%
7/4/2025, 12:57:06 AM CDT [Modules] Streaming discord_game_utils@1 to /home/matthewkennedy/.config/discord/0.0.100/modules/pending/discord_game_utils-1.zip: 70%
7/4/2025, 12:57:06 AM CDT [Modules] Streaming discord_game_utils@1 to /home/matthewkennedy/.config/discord/0.0.100/modules/pending/discord_game_utils-1.zip: 73%
7/4/2025, 12:57:06 AM CDT [Modules] Streaming discord_game_utils@1 to /home/matthewkennedy/.config/discord/0.0.100/modules/pending/discord_game_utils-1.zip: 74%
7/4/2025, 12:57:06 AM CDT [Modules] Streaming discord_game_utils@1 to /home/matthewkennedy/.config/discord/0.0.100/modules/pending/discord_game_utils-1.zip: 75%
7/4/2025, 12:57:06 AM CDT [Modules] Streaming discord_game_utils@1 to /home/matthewkennedy/.config/discord/0.0.100/modules/pending/discord_game_utils-1.zip: 76%
7/4/2025, 12:57:06 AM CDT [Modules] Streaming discord_game_utils@1 to /home/matthewkennedy/.config/discord/0.0.100/modules/pending/discord_game_utils-1.zip: 77%
7/4/2025, 12:57:06 AM CDT [Modules] Streaming discord_game_utils@1 to /home/matthewkennedy/.config/discord/0.0.100/modules/pending/discord_game_utils-1.zip: 79%
7/4/2025, 12:57:06 AM CDT [Modules] Streaming discord_game_utils@1 to /home/matthewkennedy/.config/discord/0.0.100/modules/pending/discord_game_utils-1.zip: 80%
7/4/2025, 12:57:06 AM CDT [Modules] Streaming discord_game_utils@1 to /home/matthewkennedy/.config/discord/0.0.100/modules/pending/discord_game_utils-1.zip: 84%
7/4/2025, 12:57:06 AM CDT [Modules] Streaming discord_game_utils@1 to /home/matthewkennedy/.config/discord/0.0.100/modules/pending/discord_game_utils-1.zip: 86%
7/4/2025, 12:57:06 AM CDT [Modules] Streaming discord_game_utils@1 to /home/matthewkennedy/.config/discord/0.0.100/modules/pending/discord_game_utils-1.zip: 88%
7/4/2025, 12:57:06 AM CDT [Modules] Streaming discord_game_utils@1 to /home/matthewkennedy/.config/discord/0.0.100/modules/pending/discord_game_utils-1.zip: 93%
7/4/2025, 12:57:06 AM CDT [Modules] Streaming discord_game_utils@1 to /home/matthewkennedy/.config/discord/0.0.100/modules/pending/discord_game_utils-1.zip: 94%
7/4/2025, 12:57:06 AM CDT [Modules] Streaming discord_game_utils@1 to /home/matthewkennedy/.config/discord/0.0.100/modules/pending/discord_game_utils-1.zip: 95%
7/4/2025, 12:57:06 AM CDT [Modules] Streaming discord_game_utils@1 to /home/matthewkennedy/.config/discord/0.0.100/modules/pending/discord_game_utils-1.zip: 96%
7/4/2025, 12:57:06 AM CDT [Modules] Streaming discord_game_utils@1 to /home/matthewkennedy/.config/discord/0.0.100/modules/pending/discord_game_utils-1.zip: 97%
7/4/2025, 12:57:06 AM CDT [Modules] Streaming discord_game_utils@1 to /home/matthewkennedy/.config/discord/0.0.100/modules/pending/discord_game_utils-1.zip: 98%
7/4/2025, 12:57:06 AM CDT [Modules] Streaming discord_game_utils@1 to /home/matthewkennedy/.config/discord/0.0.100/modules/pending/discord_game_utils-1.zip: 100%
7/4/2025, 12:57:06 AM CDT [Modules] Fetching discord_rpc@1 from https://discord.com/api/modules/stable/discord_rpc/1
7/4/2025, 12:57:06 AM CDT [Modules] Streaming discord_rpc@1 to /home/matthewkennedy/.config/discord/0.0.100/modules/pending/discord_rpc-1.zip
7/4/2025, 12:57:06 AM CDT [Modules] Installing discord_game_utils@1 from /home/matthewkennedy/.config/discord/0.0.100/modules/pending/discord_game_utils-1.zip
7/4/2025, 12:57:06 AM CDT [Modules] Streaming discord_rpc@1 to /home/matthewkennedy/.config/discord/0.0.100/modules/pending/discord_rpc-1.zip: 100%
7/4/2025, 12:57:06 AM CDT [Modules] Finished module downloads. [success: 3] [failure: 0]
7/4/2025, 12:57:06 AM CDT [Modules] Installing discord_rpc@1 from /home/matthewkennedy/.config/discord/0.0.100/modules/pending/discord_rpc-1.zip
7/4/2025, 12:57:06 AM CDT [Modules] Finished module installations. [success: 3] [failure: 0]
7/4/2025, 12:58:17 AM CDT [Modules] Checking for host updates.
7/4/2025, 12:58:17 AM CDT [Modules] Host is up to date.
7/4/2025, 12:58:17 AM CDT [Modules] Checking for module updates at https://discord.com/api/modules/stable/versions.json
7/4/2025, 12:58:17 AM CDT [Modules] No module updates available.
